{"C:\\Users\\iamra\\OneDrive\\Desktop\\Project\\Project\\src\\components\\DataTable.jsx": {"path":"C:\\Users\\iamra\\OneDrive\\Desktop\\Project\\Project\\src\\components\\DataTable.jsx","statementMap":{"0":{"start":{"line":14,"column":6},"end":{"line":102,"column":null}},"1":{"start":{"line":24,"column":2},"end":{"line":28,"column":null}},"2":{"start":{"line":25,"column":4},"end":{"line":26,"column":null}},"3":{"start":{"line":30,"column":2},"end":{"line":37,"column":null}},"4":{"start":{"line":31,"column":4},"end":{"line":35,"column":null}},"5":{"start":{"line":39,"column":2},"end":{"line":46,"column":null}},"6":{"start":{"line":40,"column":4},"end":{"line":44,"column":null}},"7":{"start":{"line":48,"column":2},"end":{"line":100,"column":null}},"8":{"start":{"line":55,"column":16},"end":{"line":64,"column":null}},"9":{"start":{"line":71,"column":14},"end":{"line":85,"column":null}},"10":{"start":{"line":76,"column":18},"end":{"line":83,"column":null}}},"fnMap":{"0":{"name":"(anonymous_0)","decl":{"start":{"line":14,"column":6},"end":{"line":14,"column":19}},"loc":{"start":{"line":23,"column":6},"end":{"line":102,"column":null}},"line":23},"1":{"name":"(anonymous_1)","decl":{"start":{"line":21,"column":2},"end":{"line":21,"column":23}},"loc":{"start":{"line":21,"column":23},"end":{"line":21,"column":null}},"line":21},"2":{"name":"(anonymous_2)","decl":{"start":{"line":22,"column":2},"end":{"line":22,"column":30}},"loc":{"start":{"line":22,"column":30},"end":{"line":22,"column":null}},"line":22},"3":{"name":"(anonymous_3)","decl":{"start":{"line":54,"column":23},"end":{"line":54,"column":28}},"loc":{"start":{"line":55,"column":16},"end":{"line":64,"column":null}},"line":55},"4":{"name":"(anonymous_4)","decl":{"start":{"line":70,"column":18},"end":{"line":70,"column":23}},"loc":{"start":{"line":71,"column":14},"end":{"line":85,"column":null}},"line":71},"5":{"name":"(anonymous_5)","decl":{"start":{"line":75,"column":25},"end":{"line":75,"column":30}},"loc":{"start":{"line":76,"column":18},"end":{"line":83,"column":null}},"line":76}},"branchMap":{"0":{"loc":{"start":{"line":15,"column":2},"end":{"line":15,"column":null}},"type":"default-arg","locations":[{"start":{"line":15,"column":12},"end":{"line":15,"column":null}}],"line":15},"1":{"loc":{"start":{"line":16,"column":2},"end":{"line":16,"column":null}},"type":"default-arg","locations":[{"start":{"line":16,"column":9},"end":{"line":16,"column":null}}],"line":16},"2":{"loc":{"start":{"line":17,"column":2},"end":{"line":17,"column":null}},"type":"default-arg","locations":[{"start":{"line":17,"column":12},"end":{"line":17,"column":null}}],"line":17},"3":{"loc":{"start":{"line":18,"column":2},"end":{"line":18,"column":null}},"type":"default-arg","locations":[{"start":{"line":18,"column":9},"end":{"line":18,"column":null}}],"line":18},"4":{"loc":{"start":{"line":19,"column":2},"end":{"line":19,"column":null}},"type":"default-arg","locations":[{"start":{"line":19,"column":16},"end":{"line":19,"column":null}}],"line":19},"5":{"loc":{"start":{"line":20,"column":2},"end":{"line":20,"column":null}},"type":"default-arg","locations":[{"start":{"line":20,"column":15},"end":{"line":20,"column":null}}],"line":20},"6":{"loc":{"start":{"line":21,"column":2},"end":{"line":21,"column":null}},"type":"default-arg","locations":[{"start":{"line":21,"column":2},"end":{"line":21,"column":null}}],"line":21},"7":{"loc":{"start":{"line":22,"column":2},"end":{"line":22,"column":null}},"type":"default-arg","locations":[{"start":{"line":22,"column":2},"end":{"line":22,"column":null}}],"line":22},"8":{"loc":{"start":{"line":24,"column":2},"end":{"line":28,"column":null}},"type":"if","locations":[{"start":{"line":24,"column":2},"end":{"line":28,"column":null}},{"start":{},"end":{}}],"line":24},"9":{"loc":{"start":{"line":30,"column":2},"end":{"line":37,"column":null}},"type":"if","locations":[{"start":{"line":30,"column":2},"end":{"line":37,"column":null}},{"start":{},"end":{}}],"line":30},"10":{"loc":{"start":{"line":30,"column":6},"end":{"line":30,"column":55}},"type":"binary-expr","locations":[{"start":{"line":30,"column":6},"end":{"line":30,"column":33}},{"start":{"line":30,"column":33},"end":{"line":30,"column":55}}],"line":30},"11":{"loc":{"start":{"line":39,"column":2},"end":{"line":46,"column":null}},"type":"if","locations":[{"start":{"line":39,"column":2},"end":{"line":46,"column":null}},{"start":{},"end":{}}],"line":39},"12":{"loc":{"start":{"line":39,"column":6},"end":{"line":39,"column":49}},"type":"binary-expr","locations":[{"start":{"line":39,"column":6},"end":{"line":39,"column":30}},{"start":{"line":39,"column":30},"end":{"line":39,"column":49}}],"line":39},"13":{"loc":{"start":{"line":57,"column":25},"end":{"line":57,"column":null}},"type":"binary-expr","locations":[{"start":{"line":57,"column":25},"end":{"line":57,"column":41}},{"start":{"line":57,"column":41},"end":{"line":57,"column":null}}],"line":57},"14":{"loc":{"start":{"line":78,"column":27},"end":{"line":78,"column":null}},"type":"binary-expr","locations":[{"start":{"line":78,"column":27},"end":{"line":78,"column":43}},{"start":{"line":78,"column":43},"end":{"line":78,"column":null}}],"line":78},"15":{"loc":{"start":{"line":80,"column":21},"end":{"line":82,"column":null}},"type":"cond-expr","locations":[{"start":{"line":81,"column":24},"end":{"line":81,"column":null}},{"start":{"line":82,"column":24},"end":{"line":82,"column":null}}],"line":80},"16":{"loc":{"start":{"line":93,"column":15},"end":{"line":93,"column":null}},"type":"binary-expr","locations":[{"start":{"line":93,"column":15},"end":{"line":93,"column":29}},{"start":{"line":93,"column":29},"end":{"line":93,"column":null}}],"line":93}},"s":{"0":1,"1":6,"2":1,"3":5,"4":1,"5":4,"6":1,"7":3,"8":6,"9":3,"10":6},"f":{"0":6,"1":0,"2":0,"3":6,"4":3,"5":6},"b":{"0":[6],"1":[6],"2":[6],"3":[6],"4":[6],"5":[6],"6":[0],"7":[0],"8":[1,5],"9":[1,4],"10":[5,5],"11":[1,3],"12":[4,4],"13":[6,6],"14":[6,6],"15":[0,6],"16":[3,3]},"meta":{"lastBranch":17,"lastFunction":6,"lastStatement":11,"seen":{"s:14:6:102:Infinity":0,"f:14:6:14:19":0,"b:15:12:15:Infinity":0,"b:16:9:16:Infinity":1,"b:17:12:17:Infinity":2,"b:18:9:18:Infinity":3,"b:19:16:19:Infinity":4,"b:20:15:20:Infinity":5,"b:21:2:21:Infinity":6,"f:21:2:21:23":1,"b:22:2:22:Infinity":7,"f:22:2:22:30":2,"b:24:2:28:Infinity:undefined:undefined:undefined:undefined":8,"s:24:2:28:Infinity":1,"s:25:4:26:Infinity":2,"b:30:2:37:Infinity:undefined:undefined:undefined:undefined":9,"s:30:2:37:Infinity":3,"b:30:6:30:33:30:33:30:55":10,"s:31:4:35:Infinity":4,"b:39:2:46:Infinity:undefined:undefined:undefined:undefined":11,"s:39:2:46:Infinity":5,"b:39:6:39:30:39:30:39:49":12,"s:40:4:44:Infinity":6,"s:48:2:100:Infinity":7,"f:54:23:54:28":3,"s:55:16:64:Infinity":8,"b:57:25:57:41:57:41:57:Infinity":13,"f:70:18:70:23":4,"s:71:14:85:Infinity":9,"f:75:25:75:30":5,"s:76:18:83:Infinity":10,"b:78:27:78:43:78:43:78:Infinity":14,"b:81:24:81:Infinity:82:24:82:Infinity":15,"b:93:15:93:29:93:29:93:Infinity":16},"fnNames":{}}}
,"C:\\Users\\iamra\\OneDrive\\Desktop\\Project\\Project\\src\\components\\Footer.jsx": {"path":"C:\\Users\\iamra\\OneDrive\\Desktop\\Project\\Project\\src\\components\\Footer.jsx","statementMap":{"0":{"start":{"line":3,"column":6},"end":{"line":24,"column":null}},"1":{"start":{"line":4,"column":2},"end":{"line":22,"column":null}}},"fnMap":{"0":{"name":"(anonymous_0)","decl":{"start":{"line":3,"column":6},"end":{"line":3,"column":21}},"loc":{"start":{"line":3,"column":21},"end":{"line":24,"column":null}},"line":3}},"branchMap":{},"s":{"0":1,"1":2},"f":{"0":2},"b":{},"meta":{"lastBranch":0,"lastFunction":1,"lastStatement":2,"seen":{"s:3:6:24:Infinity":0,"f:3:6:3:21":0,"s:4:2:22:Infinity":1},"fnNames":{}}}
,"C:\\Users\\iamra\\OneDrive\\Desktop\\Project\\Project\\src\\components\\Header.jsx": {"path":"C:\\Users\\iamra\\OneDrive\\Desktop\\Project\\Project\\src\\components\\Header.jsx","statementMap":{"0":{"start":{"line":15,"column":6},"end":{"line":86,"column":null}},"1":{"start":{"line":16,"column":2},"end":{"line":84,"column":null}}},"fnMap":{"0":{"name":"(anonymous_0)","decl":{"start":{"line":15,"column":6},"end":{"line":15,"column":21}},"loc":{"start":{"line":15,"column":21},"end":{"line":86,"column":null}},"line":15}},"branchMap":{},"s":{"0":1,"1":4},"f":{"0":4},"b":{},"meta":{"lastBranch":0,"lastFunction":1,"lastStatement":2,"seen":{"s:15:6:86:Infinity":0,"f:15:6:15:21":0,"s:16:2:84:Infinity":1},"fnNames":{}}}
,"C:\\Users\\iamra\\OneDrive\\Desktop\\Project\\Project\\src\\components\\PageLoader.jsx": {"path":"C:\\Users\\iamra\\OneDrive\\Desktop\\Project\\Project\\src\\components\\PageLoader.jsx","statementMap":{"0":{"start":{"line":3,"column":6},"end":{"line":16,"column":null}},"1":{"start":{"line":4,"column":2},"end":{"line":14,"column":null}}},"fnMap":{"0":{"name":"(anonymous_0)","decl":{"start":{"line":3,"column":6},"end":{"line":3,"column":25}},"loc":{"start":{"line":3,"column":25},"end":{"line":16,"column":null}},"line":3}},"branchMap":{},"s":{"0":1,"1":2},"f":{"0":2},"b":{},"meta":{"lastBranch":0,"lastFunction":1,"lastStatement":2,"seen":{"s:3:6:16:Infinity":0,"f:3:6:3:25":0,"s:4:2:14:Infinity":1},"fnNames":{}}}
,"C:\\Users\\iamra\\OneDrive\\Desktop\\Project\\Project\\src\\components\\SearchBar.jsx": {"path":"C:\\Users\\iamra\\OneDrive\\Desktop\\Project\\Project\\src\\components\\SearchBar.jsx","statementMap":{"0":{"start":{"line":8,"column":6},"end":{"line":33,"column":null}},"1":{"start":{"line":14,"column":2},"end":{"line":31,"column":null}}},"fnMap":{"0":{"name":"(anonymous_0)","decl":{"start":{"line":8,"column":6},"end":{"line":8,"column":19}},"loc":{"start":{"line":13,"column":6},"end":{"line":33,"column":null}},"line":13}},"branchMap":{"0":{"loc":{"start":{"line":11,"column":2},"end":{"line":11,"column":null}},"type":"default-arg","locations":[{"start":{"line":11,"column":16},"end":{"line":11,"column":null}}],"line":11},"1":{"loc":{"start":{"line":12,"column":2},"end":{"line":12,"column":null}},"type":"default-arg","locations":[{"start":{"line":12,"column":10},"end":{"line":12,"column":null}}],"line":12}},"s":{"0":1,"1":2},"f":{"0":2},"b":{"0":[2],"1":[2]},"meta":{"lastBranch":2,"lastFunction":1,"lastStatement":2,"seen":{"s:8:6:33:Infinity":0,"f:8:6:8:19":0,"b:11:16:11:Infinity":0,"b:12:10:12:Infinity":1,"s:14:2:31:Infinity":1},"fnNames":{}}}
,"C:\\Users\\iamra\\OneDrive\\Desktop\\Project\\Project\\src\\components\\Sidebar.jsx": {"path":"C:\\Users\\iamra\\OneDrive\\Desktop\\Project\\Project\\src\\components\\Sidebar.jsx","statementMap":{"0":{"start":{"line":23,"column":18},"end":{"line":69,"column":null}},"1":{"start":{"line":71,"column":6},"end":{"line":152,"column":null}},"2":{"start":{"line":72,"column":8},"end":{"line":72,"column":null}},"3":{"start":{"line":75,"column":4},"end":{"line":77,"column":null}},"4":{"start":{"line":79,"column":2},"end":{"line":150,"column":null}},"5":{"start":{"line":118,"column":10},"end":{"line":147,"column":null}}},"fnMap":{"0":{"name":"(anonymous_0)","decl":{"start":{"line":71,"column":6},"end":{"line":71,"column":22}},"loc":{"start":{"line":71,"column":22},"end":{"line":152,"column":null}},"line":71},"1":{"name":"(anonymous_1)","decl":{"start":{"line":117,"column":19},"end":{"line":117,"column":24}},"loc":{"start":{"line":118,"column":10},"end":{"line":147,"column":null}},"line":118}},"branchMap":{"0":{"loc":{"start":{"line":75,"column":4},"end":{"line":77,"column":null}},"type":"cond-expr","locations":[{"start":{"line":76,"column":8},"end":{"line":76,"column":null}},{"start":{"line":77,"column":8},"end":{"line":77,"column":null}}],"line":75}},"s":{"0":1,"1":1,"2":3,"3":3,"4":3,"5":27},"f":{"0":3,"1":27},"b":{"0":[0,3]},"meta":{"lastBranch":1,"lastFunction":2,"lastStatement":6,"seen":{"s:23:18:69:Infinity":0,"s:71:6:152:Infinity":1,"f:71:6:71:22":0,"s:72:8:72:Infinity":2,"s:75:4:77:Infinity":3,"b:76:8:76:Infinity:77:8:77:Infinity":0,"s:79:2:150:Infinity":4,"f:117:19:117:24":1,"s:118:10:147:Infinity":5},"fnNames":{}}}
,"C:\\Users\\iamra\\OneDrive\\Desktop\\Project\\Project\\src\\components\\SnackbarProvider.jsx": {"path":"C:\\Users\\iamra\\OneDrive\\Desktop\\Project\\Project\\src\\components\\SnackbarProvider.jsx","statementMap":{"0":{"start":{"line":4,"column":13},"end":{"line":4,"column":null}},"1":{"start":{"line":6,"column":6},"end":{"line":57,"column":null}},"2":{"start":{"line":7,"column":19},"end":{"line":11,"column":null}},"3":{"start":{"line":13,"column":8},"end":{"line":22,"column":null}},"4":{"start":{"line":15,"column":6},"end":{"line":19,"column":null}},"5":{"start":{"line":24,"column":8},"end":{"line":31,"column":null}},"6":{"start":{"line":25,"column":4},"end":{"line":25,"column":null}},"7":{"start":{"line":25,"column":32},"end":{"line":25,"column":null}},"8":{"start":{"line":27,"column":4},"end":{"line":30,"column":null}},"9":{"start":{"line":27,"column":27},"end":{"line":30,"column":6}},"10":{"start":{"line":33,"column":2},"end":{"line":55,"column":null}}},"fnMap":{"0":{"name":"(anonymous_0)","decl":{"start":{"line":6,"column":6},"end":{"line":6,"column":26}},"loc":{"start":{"line":6,"column":43},"end":{"line":57,"column":null}},"line":6},"1":{"name":"(anonymous_1)","decl":{"start":{"line":13,"column":23},"end":{"line":13,"column":null}},"loc":{"start":{"line":14,"column":39},"end":{"line":20,"column":null}},"line":14},"2":{"name":"(anonymous_2)","decl":{"start":{"line":24,"column":8},"end":{"line":24,"column":23}},"loc":{"start":{"line":24,"column":37},"end":{"line":31,"column":null}},"line":24},"3":{"name":"(anonymous_3)","decl":{"start":{"line":27,"column":4},"end":{"line":27,"column":17}},"loc":{"start":{"line":27,"column":27},"end":{"line":30,"column":6}},"line":27}},"branchMap":{"0":{"loc":{"start":{"line":14,"column":14},"end":{"line":14,"column":39}},"type":"default-arg","locations":[{"start":{"line":14,"column":25},"end":{"line":14,"column":39}}],"line":14},"1":{"loc":{"start":{"line":25,"column":4},"end":{"line":25,"column":null}},"type":"if","locations":[{"start":{"line":25,"column":4},"end":{"line":25,"column":null}},{"start":{},"end":{}}],"line":25}},"s":{"0":1,"1":1,"2":10,"3":10,"4":4,"5":10,"6":1,"7":0,"8":1,"9":1,"10":10},"f":{"0":10,"1":4,"2":1,"3":1},"b":{"0":[4],"1":[0,1]},"meta":{"lastBranch":2,"lastFunction":4,"lastStatement":11,"seen":{"s:4:13:4:Infinity":0,"s:6:6:57:Infinity":1,"f:6:6:6:26":0,"s:7:19:11:Infinity":2,"s:13:8:22:Infinity":3,"f:13:23:13:Infinity":1,"b:14:25:14:39":0,"s:15:6:19:Infinity":4,"s:24:8:31:Infinity":5,"f:24:8:24:23":2,"b:25:4:25:Infinity:undefined:undefined:undefined:undefined":1,"s:25:4:25:Infinity":6,"s:25:32:25:Infinity":7,"s:27:4:30:Infinity":8,"f:27:4:27:17":3,"s:27:27:30:6":9,"s:33:2:55:Infinity":10},"fnNames":{}}}
,"C:\\Users\\iamra\\OneDrive\\Desktop\\Project\\Project\\src\\components\\StatCard.jsx": {"path":"C:\\Users\\iamra\\OneDrive\\Desktop\\Project\\Project\\src\\components\\StatCard.jsx","statementMap":{"0":{"start":{"line":14,"column":17},"end":{"line":144,"column":null}},"1":{"start":{"line":23,"column":4},"end":{"line":141,"column":null}},"2":{"start":{"line":146,"column":0},"end":{"line":146,"column":null}}},"fnMap":{"0":{"name":"(anonymous_0)","decl":{"start":{"line":14,"column":23},"end":{"line":14,"column":null}},"loc":{"start":{"line":22,"column":8},"end":{"line":143,"column":null}},"line":22}},"branchMap":{"0":{"loc":{"start":{"line":19,"column":4},"end":{"line":19,"column":null}},"type":"default-arg","locations":[{"start":{"line":19,"column":12},"end":{"line":19,"column":null}}],"line":19},"1":{"loc":{"start":{"line":21,"column":4},"end":{"line":21,"column":null}},"type":"default-arg","locations":[{"start":{"line":21,"column":17},"end":{"line":21,"column":null}}],"line":21},"2":{"loc":{"start":{"line":87,"column":15},"end":{"line":125,"column":null}},"type":"binary-expr","locations":[{"start":{"line":87,"column":15},"end":{"line":87,"column":null}},{"start":{"line":88,"column":16},"end":{"line":125,"column":null}}],"line":87},"3":{"loc":{"start":{"line":93,"column":19},"end":{"line":102,"column":null}},"type":"cond-expr","locations":[{"start":{"line":94,"column":20},"end":{"line":99,"column":21}},{"start":{"line":99,"column":20},"end":{"line":102,"column":null}}],"line":93},"4":{"loc":{"start":{"line":109,"column":22},"end":{"line":111,"column":null}},"type":"cond-expr","locations":[{"start":{"line":110,"column":26},"end":{"line":110,"column":null}},{"start":{"line":111,"column":26},"end":{"line":111,"column":null}}],"line":109}},"s":{"0":1,"1":5,"2":1},"f":{"0":5},"b":{"0":[5],"1":[5],"2":[5,2],"3":[1,1],"4":[1,1]},"meta":{"lastBranch":5,"lastFunction":1,"lastStatement":3,"seen":{"s:14:17:144:Infinity":0,"f:14:23:14:Infinity":0,"b:19:12:19:Infinity":0,"b:21:17:21:Infinity":1,"s:23:4:141:Infinity":1,"b:87:15:87:Infinity:88:16:125:Infinity":2,"b:94:20:99:21:99:20:102:Infinity":3,"b:110:26:110:Infinity:111:26:111:Infinity":4,"s:146:0:146:Infinity":2},"fnNames":{}}}
,"C:\\Users\\iamra\\OneDrive\\Desktop\\Project\\Project\\src\\components\\UserMenu.jsx": {"path":"C:\\Users\\iamra\\OneDrive\\Desktop\\Project\\Project\\src\\components\\UserMenu.jsx","statementMap":{"0":{"start":{"line":20,"column":6},"end":{"line":118,"column":null}},"1":{"start":{"line":21,"column":8},"end":{"line":21,"column":null}},"2":{"start":{"line":22,"column":8},"end":{"line":22,"column":null}},"3":{"start":{"line":24,"column":19},"end":{"line":24,"column":null}},"4":{"start":{"line":26,"column":15},"end":{"line":26,"column":null}},"5":{"start":{"line":28,"column":8},"end":{"line":30,"column":null}},"6":{"start":{"line":29,"column":4},"end":{"line":29,"column":null}},"7":{"start":{"line":32,"column":8},"end":{"line":34,"column":null}},"8":{"start":{"line":33,"column":4},"end":{"line":33,"column":null}},"9":{"start":{"line":36,"column":23},"end":{"line":44,"column":null}},"10":{"start":{"line":37,"column":4},"end":{"line":37,"column":null}},"11":{"start":{"line":39,"column":4},"end":{"line":39,"column":null}},"12":{"start":{"line":41,"column":4},"end":{"line":43,"column":null}},"13":{"start":{"line":46,"column":2},"end":{"line":116,"column":null}},"14":{"start":{"line":61,"column":10},"end":{"line":68,"column":null}},"15":{"start":{"line":66,"column":12},"end":{"line":66,"column":null}},"16":{"start":{"line":67,"column":12},"end":{"line":67,"column":null}},"17":{"start":{"line":70,"column":10},"end":{"line":70,"column":null}},"18":{"start":{"line":79,"column":12},"end":{"line":79,"column":null}},"19":{"start":{"line":80,"column":12},"end":{"line":80,"column":null}},"20":{"start":{"line":92,"column":12},"end":{"line":92,"column":null}},"21":{"start":{"line":93,"column":12},"end":{"line":93,"column":null}}},"fnMap":{"0":{"name":"(anonymous_0)","decl":{"start":{"line":20,"column":6},"end":{"line":20,"column":23}},"loc":{"start":{"line":20,"column":23},"end":{"line":118,"column":null}},"line":20},"1":{"name":"(anonymous_1)","decl":{"start":{"line":28,"column":8},"end":{"line":28,"column":22}},"loc":{"start":{"line":28,"column":32},"end":{"line":30,"column":null}},"line":28},"2":{"name":"(anonymous_2)","decl":{"start":{"line":32,"column":8},"end":{"line":32,"column":28}},"loc":{"start":{"line":32,"column":28},"end":{"line":34,"column":null}},"line":32},"3":{"name":"(anonymous_3)","decl":{"start":{"line":36,"column":23},"end":{"line":36,"column":35}},"loc":{"start":{"line":36,"column":35},"end":{"line":44,"column":null}},"line":36},"4":{"name":"(anonymous_4)","decl":{"start":{"line":60,"column":8},"end":{"line":60,"column":18}},"loc":{"start":{"line":60,"column":32},"end":{"line":71,"column":null}},"line":60},"5":{"name":"(anonymous_5)","decl":{"start":{"line":78,"column":10},"end":{"line":78,"column":25}},"loc":{"start":{"line":78,"column":25},"end":{"line":81,"column":null}},"line":78},"6":{"name":"(anonymous_6)","decl":{"start":{"line":91,"column":10},"end":{"line":91,"column":25}},"loc":{"start":{"line":91,"column":25},"end":{"line":94,"column":null}},"line":91}},"branchMap":{"0":{"loc":{"start":{"line":61,"column":10},"end":{"line":68,"column":null}},"type":"if","locations":[{"start":{"line":61,"column":10},"end":{"line":68,"column":null}},{"start":{},"end":{}}],"line":61},"1":{"loc":{"start":{"line":62,"column":12},"end":{"line":64,"column":null}},"type":"binary-expr","locations":[{"start":{"line":62,"column":12},"end":{"line":62,"column":null}},{"start":{"line":63,"column":12},"end":{"line":63,"column":null}},{"start":{"line":64,"column":12},"end":{"line":64,"column":null}}],"line":62}},"s":{"0":1,"1":24,"2":24,"3":24,"4":24,"5":24,"6":8,"7":24,"8":7,"9":24,"10":2,"11":2,"12":2,"13":24,"14":1,"15":1,"16":1,"17":0,"18":2,"19":2,"20":2,"21":2},"f":{"0":24,"1":8,"2":7,"3":2,"4":1,"5":2,"6":2},"b":{"0":[1,0],"1":[1,0,0]},"meta":{"lastBranch":2,"lastFunction":7,"lastStatement":22,"seen":{"s:20:6:118:Infinity":0,"f:20:6:20:23":0,"s:21:8:21:Infinity":1,"s:22:8:22:Infinity":2,"s:24:19:24:Infinity":3,"s:26:15:26:Infinity":4,"s:28:8:30:Infinity":5,"f:28:8:28:22":1,"s:29:4:29:Infinity":6,"s:32:8:34:Infinity":7,"f:32:8:32:28":2,"s:33:4:33:Infinity":8,"s:36:23:44:Infinity":9,"f:36:23:36:35":3,"s:37:4:37:Infinity":10,"s:39:4:39:Infinity":11,"s:41:4:43:Infinity":12,"s:46:2:116:Infinity":13,"f:60:8:60:18":4,"b:61:10:68:Infinity:undefined:undefined:undefined:undefined":0,"s:61:10:68:Infinity":14,"b:62:12:62:Infinity:63:12:63:Infinity:64:12:64:Infinity":1,"s:66:12:66:Infinity":15,"s:67:12:67:Infinity":16,"s:70:10:70:Infinity":17,"f:78:10:78:25":5,"s:79:12:79:Infinity":18,"s:80:12:80:Infinity":19,"f:91:10:91:25":6,"s:92:12:92:Infinity":20,"s:93:12:93:Infinity":21},"fnNames":{}}}
,"C:\\Users\\iamra\\OneDrive\\Desktop\\Project\\Project\\src\\features\\auth\\Login.jsx": {"path":"C:\\Users\\iamra\\OneDrive\\Desktop\\Project\\Project\\src\\features\\auth\\Login.jsx","statementMap":{"0":{"start":{"line":28,"column":15},"end":{"line":38,"column":null}},"1":{"start":{"line":40,"column":6},"end":{"line":267,"column":null}},"2":{"start":{"line":41,"column":8},"end":{"line":41,"column":null}},"3":{"start":{"line":42,"column":8},"end":{"line":42,"column":null}},"4":{"start":{"line":44,"column":8},"end":{"line":44,"column":null}},"5":{"start":{"line":50,"column":4},"end":{"line":51,"column":null}},"6":{"start":{"line":56,"column":17},"end":{"line":59,"column":null}},"7":{"start":{"line":61,"column":2},"end":{"line":63,"column":null}},"8":{"start":{"line":62,"column":4},"end":{"line":62,"column":null}},"9":{"start":{"line":65,"column":2},"end":{"line":67,"column":null}},"10":{"start":{"line":66,"column":4},"end":{"line":66,"column":null}},"11":{"start":{"line":69,"column":2},"end":{"line":73,"column":null}},"12":{"start":{"line":70,"column":4},"end":{"line":72,"column":null}},"13":{"start":{"line":71,"column":6},"end":{"line":71,"column":null}},"14":{"start":{"line":75,"column":2},"end":{"line":84,"column":null}},"15":{"start":{"line":76,"column":4},"end":{"line":83,"column":null}},"16":{"start":{"line":77,"column":6},"end":{"line":80,"column":null}},"17":{"start":{"line":82,"column":6},"end":{"line":82,"column":null}},"18":{"start":{"line":86,"column":19},"end":{"line":88,"column":null}},"19":{"start":{"line":87,"column":4},"end":{"line":87,"column":null}},"20":{"start":{"line":90,"column":2},"end":{"line":265,"column":null}}},"fnMap":{"0":{"name":"(anonymous_0)","decl":{"start":{"line":40,"column":6},"end":{"line":40,"column":20}},"loc":{"start":{"line":40,"column":20},"end":{"line":267,"column":null}},"line":40},"1":{"name":"(anonymous_1)","decl":{"start":{"line":61,"column":2},"end":{"line":61,"column":18}},"loc":{"start":{"line":61,"column":18},"end":{"line":63,"column":5}},"line":61},"2":{"name":"(anonymous_2)","decl":{"start":{"line":65,"column":2},"end":{"line":65,"column":18}},"loc":{"start":{"line":65,"column":18},"end":{"line":67,"column":5}},"line":65},"3":{"name":"(anonymous_3)","decl":{"start":{"line":69,"column":2},"end":{"line":69,"column":18}},"loc":{"start":{"line":69,"column":18},"end":{"line":73,"column":5}},"line":69},"4":{"name":"(anonymous_4)","decl":{"start":{"line":75,"column":2},"end":{"line":75,"column":18}},"loc":{"start":{"line":75,"column":18},"end":{"line":84,"column":5}},"line":75},"5":{"name":"(anonymous_5)","decl":{"start":{"line":86,"column":19},"end":{"line":86,"column":26}},"loc":{"start":{"line":86,"column":35},"end":{"line":88,"column":null}},"line":86}},"branchMap":{"0":{"loc":{"start":{"line":70,"column":4},"end":{"line":72,"column":null}},"type":"if","locations":[{"start":{"line":70,"column":4},"end":{"line":72,"column":null}},{"start":{},"end":{}}],"line":70},"1":{"loc":{"start":{"line":76,"column":4},"end":{"line":83,"column":null}},"type":"if","locations":[{"start":{"line":76,"column":4},"end":{"line":83,"column":null}},{"start":{},"end":{}}],"line":76},"2":{"loc":{"start":{"line":253,"column":15},"end":{"line":259,"column":null}},"type":"cond-expr","locations":[{"start":{"line":254,"column":16},"end":{"line":259,"column":null}},{"start":{"line":259,"column":16},"end":{"line":259,"column":null}}],"line":253}},"s":{"0":1,"1":1,"2":10,"3":10,"4":10,"5":10,"6":10,"7":10,"8":4,"9":10,"10":4,"11":10,"12":4,"13":0,"14":10,"15":4,"16":0,"17":0,"18":10,"19":1,"20":10},"f":{"0":10,"1":4,"2":4,"3":4,"4":4,"5":1},"b":{"0":[0,4],"1":[0,4],"2":[0,10]},"meta":{"lastBranch":3,"lastFunction":6,"lastStatement":21,"seen":{"s:28:15:38:Infinity":0,"s:40:6:267:Infinity":1,"f:40:6:40:20":0,"s:41:8:41:Infinity":2,"s:42:8:42:Infinity":3,"s:44:8:44:Infinity":4,"s:50:4:51:Infinity":5,"s:56:17:59:Infinity":6,"s:61:2:63:Infinity":7,"f:61:2:61:18":1,"s:62:4:62:Infinity":8,"s:65:2:67:Infinity":9,"f:65:2:65:18":2,"s:66:4:66:Infinity":10,"s:69:2:73:Infinity":11,"f:69:2:69:18":3,"b:70:4:72:Infinity:undefined:undefined:undefined:undefined":0,"s:70:4:72:Infinity":12,"s:71:6:71:Infinity":13,"s:75:2:84:Infinity":14,"f:75:2:75:18":4,"b:76:4:83:Infinity:undefined:undefined:undefined:undefined":1,"s:76:4:83:Infinity":15,"s:77:6:80:Infinity":16,"s:82:6:82:Infinity":17,"s:86:19:88:Infinity":18,"f:86:19:86:26":5,"s:87:4:87:Infinity":19,"s:90:2:265:Infinity":20,"b:254:16:259:Infinity:259:16:259:Infinity":2},"fnNames":{}}}
,"C:\\Users\\iamra\\OneDrive\\Desktop\\Project\\Project\\src\\features\\vendors\\VendorForm.jsx": {"path":"C:\\Users\\iamra\\OneDrive\\Desktop\\Project\\Project\\src\\features\\vendors\\VendorForm.jsx","statementMap":{"0":{"start":{"line":20,"column":15},"end":{"line":41,"column":null}},"1":{"start":{"line":43,"column":6},"end":{"line":176,"column":null}},"2":{"start":{"line":44,"column":8},"end":{"line":44,"column":null}},"3":{"start":{"line":50,"column":17},"end":{"line":57,"column":null}},"4":{"start":{"line":59,"column":8},"end":{"line":65,"column":null}},"5":{"start":{"line":60,"column":4},"end":{"line":60,"column":null}},"6":{"start":{"line":62,"column":4},"end":{"line":62,"column":null}},"7":{"start":{"line":64,"column":4},"end":{"line":64,"column":null}},"8":{"start":{"line":67,"column":2},"end":{"line":174,"column":null}},"9":{"start":{"line":134,"column":16},"end":{"line":149,"column":null}},"10":{"start":{"line":166,"column":16},"end":{"line":166,"column":null}}},"fnMap":{"0":{"name":"(anonymous_0)","decl":{"start":{"line":43,"column":6},"end":{"line":43,"column":25}},"loc":{"start":{"line":43,"column":25},"end":{"line":176,"column":null}},"line":43},"1":{"name":"(anonymous_1)","decl":{"start":{"line":59,"column":8},"end":{"line":59,"column":20}},"loc":{"start":{"line":59,"column":29},"end":{"line":65,"column":null}},"line":59},"2":{"name":"(anonymous_2)","decl":{"start":{"line":133,"column":14},"end":{"line":133,"column":23}},"loc":{"start":{"line":134,"column":16},"end":{"line":149,"column":null}},"line":134},"3":{"name":"(anonymous_3)","decl":{"start":{"line":165,"column":14},"end":{"line":165,"column":null}},"loc":{"start":{"line":166,"column":16},"end":{"line":166,"column":null}},"line":166}},"branchMap":{},"s":{"0":1,"1":1,"2":5,"3":5,"4":5,"5":1,"6":1,"7":1,"8":5,"9":5,"10":1},"f":{"0":5,"1":1,"2":5,"3":1},"b":{},"meta":{"lastBranch":0,"lastFunction":4,"lastStatement":11,"seen":{"s:20:15:41:Infinity":0,"s:43:6:176:Infinity":1,"f:43:6:43:25":0,"s:44:8:44:Infinity":2,"s:50:17:57:Infinity":3,"s:59:8:65:Infinity":4,"f:59:8:59:20":1,"s:60:4:60:Infinity":5,"s:62:4:62:Infinity":6,"s:64:4:64:Infinity":7,"s:67:2:174:Infinity":8,"f:133:14:133:23":2,"s:134:16:149:Infinity":9,"f:165:14:165:Infinity":3,"s:166:16:166:Infinity":10},"fnNames":{}}}
,"C:\\Users\\iamra\\OneDrive\\Desktop\\Project\\Project\\src\\mocks\\auditData.json": {"path":"C:\\Users\\iamra\\OneDrive\\Desktop\\Project\\Project\\src\\mocks\\auditData.json","statementMap":{"0":{"start":{"line":1,"column":22},"end":{"line":1,"column":1250}}},"fnMap":{},"branchMap":{},"s":{"0":2},"f":{},"b":{},"meta":{"lastBranch":0,"lastFunction":0,"lastStatement":1,"seen":{"s:1:22:1:1250":0},"fnNames":{}}}
,"C:\\Users\\iamra\\OneDrive\\Desktop\\Project\\Project\\src\\mocks\\complianceData.json": {"path":"C:\\Users\\iamra\\OneDrive\\Desktop\\Project\\Project\\src\\mocks\\complianceData.json","statementMap":{"0":{"start":{"line":1,"column":26},"end":{"line":1,"column":2973}}},"fnMap":{},"branchMap":{},"s":{"0":2},"f":{},"b":{},"meta":{"lastBranch":0,"lastFunction":0,"lastStatement":1,"seen":{"s:1:26:1:2973":0},"fnNames":{}}}
,"C:\\Users\\iamra\\OneDrive\\Desktop\\Project\\Project\\src\\mocks\\notifications.json": {"path":"C:\\Users\\iamra\\OneDrive\\Desktop\\Project\\Project\\src\\mocks\\notifications.json","statementMap":{"0":{"start":{"line":1,"column":29},"end":{"line":1,"column":821}}},"fnMap":{},"branchMap":{},"s":{"0":1},"f":{},"b":{},"meta":{"lastBranch":0,"lastFunction":0,"lastStatement":1,"seen":{"s:1:29:1:821":0},"fnNames":{}}}
,"C:\\Users\\iamra\\OneDrive\\Desktop\\Project\\Project\\src\\mocks\\reports.json": {"path":"C:\\Users\\iamra\\OneDrive\\Desktop\\Project\\Project\\src\\mocks\\reports.json","statementMap":{"0":{"start":{"line":1,"column":23},"end":{"line":1,"column":584}}},"fnMap":{},"branchMap":{},"s":{"0":1},"f":{},"b":{},"meta":{"lastBranch":0,"lastFunction":0,"lastStatement":1,"seen":{"s:1:23:1:584":0},"fnNames":{}}}
,"C:\\Users\\iamra\\OneDrive\\Desktop\\Project\\Project\\src\\mocks\\requests.json": {"path":"C:\\Users\\iamra\\OneDrive\\Desktop\\Project\\Project\\src\\mocks\\requests.json","statementMap":{"0":{"start":{"line":1,"column":24},"end":{"line":1,"column":707}}},"fnMap":{},"branchMap":{},"s":{"0":2},"f":{},"b":{},"meta":{"lastBranch":0,"lastFunction":0,"lastStatement":1,"seen":{"s:1:24:1:707":0},"fnNames":{}}}
,"C:\\Users\\iamra\\OneDrive\\Desktop\\Project\\Project\\src\\mocks\\users.json": {"path":"C:\\Users\\iamra\\OneDrive\\Desktop\\Project\\Project\\src\\mocks\\users.json","statementMap":{"0":{"start":{"line":1,"column":21},"end":{"line":1,"column":1085}}},"fnMap":{},"branchMap":{},"s":{"0":1},"f":{},"b":{},"meta":{"lastBranch":0,"lastFunction":0,"lastStatement":1,"seen":{"s:1:21:1:1085":0},"fnNames":{}}}
,"C:\\Users\\iamra\\OneDrive\\Desktop\\Project\\Project\\src\\mocks\\vendors.json": {"path":"C:\\Users\\iamra\\OneDrive\\Desktop\\Project\\Project\\src\\mocks\\vendors.json","statementMap":{"0":{"start":{"line":1,"column":23},"end":{"line":1,"column":701}}},"fnMap":{},"branchMap":{},"s":{"0":1},"f":{},"b":{},"meta":{"lastBranch":0,"lastFunction":0,"lastStatement":1,"seen":{"s:1:23:1:701":0},"fnNames":{}}}
,"C:\\Users\\iamra\\OneDrive\\Desktop\\Project\\Project\\src\\services\\auditService.js": {"path":"C:\\Users\\iamra\\OneDrive\\Desktop\\Project\\Project\\src\\services\\auditService.js","statementMap":{"0":{"start":{"line":3,"column":15},"end":{"line":3,"column":null}},"1":{"start":{"line":5,"column":6},"end":{"line":6,"column":null}},"2":{"start":{"line":6,"column":2},"end":{"line":6,"column":null}},"3":{"start":{"line":6,"column":27},"end":{"line":6,"column":50}},"4":{"start":{"line":8,"column":21},"end":{"line":76,"column":null}},"5":{"start":{"line":10,"column":4},"end":{"line":10,"column":null}},"6":{"start":{"line":12,"column":4},"end":{"line":12,"column":null}},"7":{"start":{"line":16,"column":4},"end":{"line":16,"column":null}},"8":{"start":{"line":18,"column":18},"end":{"line":20,"column":null}},"9":{"start":{"line":19,"column":16},"end":{"line":19,"column":null}},"10":{"start":{"line":22,"column":4},"end":{"line":24,"column":null}},"11":{"start":{"line":23,"column":6},"end":{"line":23,"column":null}},"12":{"start":{"line":26,"column":4},"end":{"line":26,"column":null}},"13":{"start":{"line":30,"column":4},"end":{"line":30,"column":null}},"14":{"start":{"line":32,"column":4},"end":{"line":34,"column":null}},"15":{"start":{"line":33,"column":16},"end":{"line":33,"column":null}},"16":{"start":{"line":38,"column":4},"end":{"line":38,"column":null}},"17":{"start":{"line":40,"column":4},"end":{"line":47,"column":null}},"18":{"start":{"line":40,"column":33},"end":{"line":47,"column":6}},"19":{"start":{"line":51,"column":4},"end":{"line":51,"column":null}},"20":{"start":{"line":53,"column":4},"end":{"line":61,"column":null}},"21":{"start":{"line":54,"column":6},"end":{"line":60,"column":null}},"22":{"start":{"line":54,"column":41},"end":{"line":60,"column":8}},"23":{"start":{"line":65,"column":4},"end":{"line":65,"column":null}},"24":{"start":{"line":67,"column":4},"end":{"line":74,"column":null}},"25":{"start":{"line":68,"column":6},"end":{"line":73,"column":null}},"26":{"start":{"line":68,"column":30},"end":{"line":73,"column":8}}},"fnMap":{"0":{"name":"(anonymous_0)","decl":{"start":{"line":5,"column":6},"end":{"line":5,"column":15}},"loc":{"start":{"line":6,"column":2},"end":{"line":6,"column":null}},"line":6},"1":{"name":"(anonymous_1)","decl":{"start":{"line":6,"column":6},"end":{"line":6,"column":15}},"loc":{"start":{"line":6,"column":27},"end":{"line":6,"column":50}},"line":6},"2":{"name":"(anonymous_2)","decl":{"start":{"line":9,"column":13},"end":{"line":9,"column":25}},"loc":{"start":{"line":9,"column":25},"end":{"line":13,"column":null}},"line":9},"3":{"name":"(anonymous_3)","decl":{"start":{"line":15,"column":16},"end":{"line":15,"column":23}},"loc":{"start":{"line":15,"column":30},"end":{"line":27,"column":null}},"line":15},"4":{"name":"(anonymous_4)","decl":{"start":{"line":18,"column":25},"end":{"line":18,"column":null}},"loc":{"start":{"line":19,"column":16},"end":{"line":19,"column":null}},"line":19},"5":{"name":"(anonymous_5)","decl":{"start":{"line":29,"column":19},"end":{"line":29,"column":31}},"loc":{"start":{"line":29,"column":31},"end":{"line":35,"column":null}},"line":29},"6":{"name":"(anonymous_6)","decl":{"start":{"line":32,"column":18},"end":{"line":32,"column":null}},"loc":{"start":{"line":33,"column":16},"end":{"line":33,"column":null}},"line":33},"7":{"name":"(anonymous_7)","decl":{"start":{"line":37,"column":19},"end":{"line":37,"column":31}},"loc":{"start":{"line":37,"column":31},"end":{"line":48,"column":null}},"line":37},"8":{"name":"(anonymous_8)","decl":{"start":{"line":40,"column":18},"end":{"line":40,"column":23}},"loc":{"start":{"line":40,"column":33},"end":{"line":47,"column":6}},"line":40},"9":{"name":"(anonymous_9)","decl":{"start":{"line":50,"column":21},"end":{"line":50,"column":33}},"loc":{"start":{"line":50,"column":33},"end":{"line":62,"column":null}},"line":50},"10":{"name":"(anonymous_10)","decl":{"start":{"line":53,"column":18},"end":{"line":53,"column":27}},"loc":{"start":{"line":54,"column":6},"end":{"line":60,"column":null}},"line":54},"11":{"name":"(anonymous_11)","decl":{"start":{"line":54,"column":22},"end":{"line":54,"column":27}},"loc":{"start":{"line":54,"column":41},"end":{"line":60,"column":8}},"line":54},"12":{"name":"(anonymous_12)","decl":{"start":{"line":64,"column":17},"end":{"line":64,"column":29}},"loc":{"start":{"line":64,"column":29},"end":{"line":75,"column":null}},"line":64},"13":{"name":"(anonymous_13)","decl":{"start":{"line":67,"column":18},"end":{"line":67,"column":27}},"loc":{"start":{"line":68,"column":6},"end":{"line":73,"column":null}},"line":68},"14":{"name":"(anonymous_14)","decl":{"start":{"line":68,"column":16},"end":{"line":68,"column":21}},"loc":{"start":{"line":68,"column":30},"end":{"line":73,"column":8}},"line":68}},"branchMap":{"0":{"loc":{"start":{"line":3,"column":15},"end":{"line":3,"column":null}},"type":"binary-expr","locations":[{"start":{"line":3,"column":15},"end":{"line":3,"column":35}},{"start":{"line":3,"column":35},"end":{"line":3,"column":null}}],"line":3},"1":{"loc":{"start":{"line":22,"column":4},"end":{"line":24,"column":null}},"type":"if","locations":[{"start":{"line":22,"column":4},"end":{"line":24,"column":null}},{"start":{},"end":{}}],"line":22}},"s":{"0":2,"1":2,"2":7,"3":7,"4":2,"5":1,"6":1,"7":2,"8":2,"9":5,"10":2,"11":1,"12":1,"13":1,"14":1,"15":4,"16":1,"17":1,"18":4,"19":1,"20":1,"21":4,"22":8,"23":1,"24":1,"25":4,"26":8},"f":{"0":7,"1":7,"2":1,"3":2,"4":5,"5":1,"6":4,"7":1,"8":4,"9":1,"10":4,"11":8,"12":1,"13":4,"14":8},"b":{"0":[2,0],"1":[1,1]},"meta":{"lastBranch":2,"lastFunction":15,"lastStatement":27,"seen":{"s:3:15:3:Infinity":0,"b:3:15:3:35:3:35:3:Infinity":0,"s:5:6:6:Infinity":1,"f:5:6:5:15":0,"s:6:2:6:Infinity":2,"f:6:6:6:15":1,"s:6:27:6:50":3,"s:8:21:76:Infinity":4,"f:9:13:9:25":2,"s:10:4:10:Infinity":5,"s:12:4:12:Infinity":6,"f:15:16:15:23":3,"s:16:4:16:Infinity":7,"s:18:18:20:Infinity":8,"f:18:25:18:Infinity":4,"s:19:16:19:Infinity":9,"b:22:4:24:Infinity:undefined:undefined:undefined:undefined":1,"s:22:4:24:Infinity":10,"s:23:6:23:Infinity":11,"s:26:4:26:Infinity":12,"f:29:19:29:31":5,"s:30:4:30:Infinity":13,"s:32:4:34:Infinity":14,"f:32:18:32:Infinity":6,"s:33:16:33:Infinity":15,"f:37:19:37:31":7,"s:38:4:38:Infinity":16,"s:40:4:47:Infinity":17,"f:40:18:40:23":8,"s:40:33:47:6":18,"f:50:21:50:33":9,"s:51:4:51:Infinity":19,"s:53:4:61:Infinity":20,"f:53:18:53:27":10,"s:54:6:60:Infinity":21,"f:54:22:54:27":11,"s:54:41:60:8":22,"f:64:17:64:29":12,"s:65:4:65:Infinity":23,"s:67:4:74:Infinity":24,"f:67:18:67:27":13,"s:68:6:73:Infinity":25,"f:68:16:68:21":14,"s:68:30:73:8":26},"fnNames":{}}}
,"C:\\Users\\iamra\\OneDrive\\Desktop\\Project\\Project\\src\\services\\authService.js": {"path":"C:\\Users\\iamra\\OneDrive\\Desktop\\Project\\Project\\src\\services\\authService.js","statementMap":{"0":{"start":{"line":3,"column":18},"end":{"line":3,"column":null}},"1":{"start":{"line":4,"column":20},"end":{"line":4,"column":null}},"2":{"start":{"line":6,"column":6},"end":{"line":7,"column":null}},"3":{"start":{"line":7,"column":2},"end":{"line":7,"column":null}},"4":{"start":{"line":7,"column":27},"end":{"line":7,"column":50}},"5":{"start":{"line":9,"column":6},"end":{"line":18,"column":null}},"6":{"start":{"line":10,"column":16},"end":{"line":10,"column":null}},"7":{"start":{"line":12,"column":2},"end":{"line":17,"column":null}},"8":{"start":{"line":13,"column":4},"end":{"line":16,"column":null}},"9":{"start":{"line":20,"column":0},"end":{"line":20,"column":null}},"10":{"start":{"line":22,"column":20},"end":{"line":155,"column":null}},"11":{"start":{"line":24,"column":4},"end":{"line":24,"column":null}},"12":{"start":{"line":26,"column":18},"end":{"line":28,"column":null}},"13":{"start":{"line":30,"column":17},"end":{"line":34,"column":null}},"14":{"start":{"line":32,"column":8},"end":{"line":33,"column":null}},"15":{"start":{"line":36,"column":4},"end":{"line":38,"column":null}},"16":{"start":{"line":37,"column":6},"end":{"line":37,"column":null}},"17":{"start":{"line":40,"column":20},"end":{"line":43,"column":null}},"18":{"start":{"line":45,"column":4},"end":{"line":48,"column":null}},"19":{"start":{"line":50,"column":4},"end":{"line":50,"column":null}},"20":{"start":{"line":54,"column":4},"end":{"line":54,"column":null}},"21":{"start":{"line":56,"column":4},"end":{"line":56,"column":null}},"22":{"start":{"line":58,"column":4},"end":{"line":58,"column":null}},"23":{"start":{"line":62,"column":4},"end":{"line":64,"column":null}},"24":{"start":{"line":72,"column":4},"end":{"line":72,"column":null}},"25":{"start":{"line":74,"column":18},"end":{"line":76,"column":null}},"26":{"start":{"line":78,"column":18},"end":{"line":80,"column":null}},"27":{"start":{"line":79,"column":13},"end":{"line":79,"column":null}},"28":{"start":{"line":82,"column":4},"end":{"line":83,"column":null}},"29":{"start":{"line":83,"column":6},"end":{"line":83,"column":null}},"30":{"start":{"line":85,"column":4},"end":{"line":91,"column":null}},"31":{"start":{"line":88,"column":6},"end":{"line":90,"column":null}},"32":{"start":{"line":93,"column":4},"end":{"line":93,"column":null}},"33":{"start":{"line":95,"column":4},"end":{"line":98,"column":null}},"34":{"start":{"line":100,"column":20},"end":{"line":102,"column":null}},"35":{"start":{"line":104,"column":4},"end":{"line":111,"column":null}},"36":{"start":{"line":105,"column":6},"end":{"line":105,"column":null}},"37":{"start":{"line":107,"column":6},"end":{"line":110,"column":null}},"38":{"start":{"line":113,"column":4},"end":{"line":113,"column":null}},"39":{"start":{"line":117,"column":4},"end":{"line":117,"column":null}},"40":{"start":{"line":119,"column":18},"end":{"line":121,"column":null}},"41":{"start":{"line":123,"column":18},"end":{"line":125,"column":null}},"42":{"start":{"line":124,"column":13},"end":{"line":124,"column":null}},"43":{"start":{"line":127,"column":4},"end":{"line":128,"column":null}},"44":{"start":{"line":128,"column":6},"end":{"line":128,"column":null}},"45":{"start":{"line":130,"column":4},"end":{"line":133,"column":null}},"46":{"start":{"line":135,"column":4},"end":{"line":138,"column":null}},"47":{"start":{"line":140,"column":20},"end":{"line":142,"column":null}},"48":{"start":{"line":144,"column":4},"end":{"line":151,"column":null}},"49":{"start":{"line":145,"column":6},"end":{"line":145,"column":null}},"50":{"start":{"line":147,"column":6},"end":{"line":150,"column":null}},"51":{"start":{"line":153,"column":4},"end":{"line":153,"column":null}}},"fnMap":{"0":{"name":"(anonymous_0)","decl":{"start":{"line":6,"column":6},"end":{"line":6,"column":15}},"loc":{"start":{"line":7,"column":2},"end":{"line":7,"column":null}},"line":7},"1":{"name":"(anonymous_1)","decl":{"start":{"line":7,"column":6},"end":{"line":7,"column":15}},"loc":{"start":{"line":7,"column":27},"end":{"line":7,"column":50}},"line":7},"2":{"name":"(anonymous_2)","decl":{"start":{"line":9,"column":6},"end":{"line":9,"column":30}},"loc":{"start":{"line":9,"column":30},"end":{"line":18,"column":null}},"line":9},"3":{"name":"login","decl":{"start":{"line":23,"column":8},"end":{"line":23,"column":14}},"loc":{"start":{"line":23,"column":27},"end":{"line":51,"column":null}},"line":23},"4":{"name":"(anonymous_4)","decl":{"start":{"line":30,"column":23},"end":{"line":30,"column":null}},"loc":{"start":{"line":32,"column":8},"end":{"line":33,"column":null}},"line":32},"5":{"name":"logout","decl":{"start":{"line":53,"column":8},"end":{"line":53,"column":17}},"loc":{"start":{"line":53,"column":17},"end":{"line":59,"column":null}},"line":53},"6":{"name":"getCurrentSession","decl":{"start":{"line":61,"column":2},"end":{"line":61,"column":22}},"loc":{"start":{"line":61,"column":22},"end":{"line":65,"column":null}},"line":61},"7":{"name":"updatePassword","decl":{"start":{"line":67,"column":8},"end":{"line":67,"column":23}},"loc":{"start":{"line":71,"column":5},"end":{"line":114,"column":null}},"line":71},"8":{"name":"(anonymous_8)","decl":{"start":{"line":78,"column":24},"end":{"line":78,"column":null}},"loc":{"start":{"line":79,"column":13},"end":{"line":79,"column":null}},"line":79},"9":{"name":"updateProfile","decl":{"start":{"line":116,"column":8},"end":{"line":116,"column":22}},"loc":{"start":{"line":116,"column":31},"end":{"line":154,"column":null}},"line":116},"10":{"name":"(anonymous_10)","decl":{"start":{"line":123,"column":24},"end":{"line":123,"column":null}},"loc":{"start":{"line":124,"column":13},"end":{"line":124,"column":null}},"line":124}},"branchMap":{"0":{"loc":{"start":{"line":12,"column":2},"end":{"line":17,"column":null}},"type":"if","locations":[{"start":{"line":12,"column":2},"end":{"line":17,"column":null}},{"start":{},"end":{}}],"line":12},"1":{"loc":{"start":{"line":32,"column":8},"end":{"line":33,"column":null}},"type":"binary-expr","locations":[{"start":{"line":32,"column":8},"end":{"line":32,"column":null}},{"start":{"line":33,"column":8},"end":{"line":33,"column":null}}],"line":32},"2":{"loc":{"start":{"line":36,"column":4},"end":{"line":38,"column":null}},"type":"if","locations":[{"start":{"line":36,"column":4},"end":{"line":38,"column":null}},{"start":{},"end":{}}],"line":36},"3":{"loc":{"start":{"line":82,"column":4},"end":{"line":83,"column":null}},"type":"if","locations":[{"start":{"line":82,"column":4},"end":{"line":83,"column":null}},{"start":{},"end":{}}],"line":82},"4":{"loc":{"start":{"line":85,"column":4},"end":{"line":91,"column":null}},"type":"if","locations":[{"start":{"line":85,"column":4},"end":{"line":91,"column":null}},{"start":{},"end":{}}],"line":85},"5":{"loc":{"start":{"line":104,"column":4},"end":{"line":111,"column":null}},"type":"if","locations":[{"start":{"line":104,"column":4},"end":{"line":111,"column":null}},{"start":{},"end":{}}],"line":104},"6":{"loc":{"start":{"line":127,"column":4},"end":{"line":128,"column":null}},"type":"if","locations":[{"start":{"line":127,"column":4},"end":{"line":128,"column":null}},{"start":{},"end":{}}],"line":127},"7":{"loc":{"start":{"line":144,"column":4},"end":{"line":151,"column":null}},"type":"if","locations":[{"start":{"line":144,"column":4},"end":{"line":151,"column":null}},{"start":{},"end":{}}],"line":144}},"s":{"0":1,"1":1,"2":1,"3":10,"4":10,"5":1,"6":1,"7":1,"8":1,"9":1,"10":1,"11":2,"12":2,"13":2,"14":5,"15":2,"16":1,"17":1,"18":1,"19":1,"20":1,"21":1,"22":1,"23":2,"24":4,"25":4,"26":4,"27":7,"28":4,"29":1,"30":3,"31":1,"32":2,"33":2,"34":2,"35":2,"36":1,"37":1,"38":2,"39":3,"40":3,"41":3,"42":6,"43":3,"44":1,"45":2,"46":2,"47":2,"48":2,"49":1,"50":1,"51":2},"f":{"0":10,"1":10,"2":1,"3":2,"4":5,"5":1,"6":2,"7":4,"8":7,"9":3,"10":6},"b":{"0":[1,0],"1":[5,1],"2":[1,1],"3":[1,3],"4":[1,2],"5":[1,1],"6":[1,2],"7":[1,1]},"meta":{"lastBranch":8,"lastFunction":11,"lastStatement":52,"seen":{"s:3:18:3:Infinity":0,"s:4:20:4:Infinity":1,"s:6:6:7:Infinity":2,"f:6:6:6:15":0,"s:7:2:7:Infinity":3,"f:7:6:7:15":1,"s:7:27:7:50":4,"s:9:6:18:Infinity":5,"f:9:6:9:30":2,"s:10:16:10:Infinity":6,"b:12:2:17:Infinity:undefined:undefined:undefined:undefined":0,"s:12:2:17:Infinity":7,"s:13:4:16:Infinity":8,"s:20:0:20:Infinity":9,"s:22:20:155:Infinity":10,"f:23:8:23:14":3,"s:24:4:24:Infinity":11,"s:26:18:28:Infinity":12,"s:30:17:34:Infinity":13,"f:30:23:30:Infinity":4,"s:32:8:33:Infinity":14,"b:32:8:32:Infinity:33:8:33:Infinity":1,"b:36:4:38:Infinity:undefined:undefined:undefined:undefined":2,"s:36:4:38:Infinity":15,"s:37:6:37:Infinity":16,"s:40:20:43:Infinity":17,"s:45:4:48:Infinity":18,"s:50:4:50:Infinity":19,"f:53:8:53:17":5,"s:54:4:54:Infinity":20,"s:56:4:56:Infinity":21,"s:58:4:58:Infinity":22,"f:61:2:61:22":6,"s:62:4:64:Infinity":23,"f:67:8:67:23":7,"s:72:4:72:Infinity":24,"s:74:18:76:Infinity":25,"s:78:18:80:Infinity":26,"f:78:24:78:Infinity":8,"s:79:13:79:Infinity":27,"b:82:4:83:Infinity:undefined:undefined:undefined:undefined":3,"s:82:4:83:Infinity":28,"s:83:6:83:Infinity":29,"b:85:4:91:Infinity:undefined:undefined:undefined:undefined":4,"s:85:4:91:Infinity":30,"s:88:6:90:Infinity":31,"s:93:4:93:Infinity":32,"s:95:4:98:Infinity":33,"s:100:20:102:Infinity":34,"b:104:4:111:Infinity:undefined:undefined:undefined:undefined":5,"s:104:4:111:Infinity":35,"s:105:6:105:Infinity":36,"s:107:6:110:Infinity":37,"s:113:4:113:Infinity":38,"f:116:8:116:22":9,"s:117:4:117:Infinity":39,"s:119:18:121:Infinity":40,"s:123:18:125:Infinity":41,"f:123:24:123:Infinity":10,"s:124:13:124:Infinity":42,"b:127:4:128:Infinity:undefined:undefined:undefined:undefined":6,"s:127:4:128:Infinity":43,"s:128:6:128:Infinity":44,"s:130:4:133:Infinity":45,"s:135:4:138:Infinity":46,"s:140:20:142:Infinity":47,"b:144:4:151:Infinity:undefined:undefined:undefined:undefined":7,"s:144:4:151:Infinity":48,"s:145:6:145:Infinity":49,"s:147:6:150:Infinity":50,"s:153:4:153:Infinity":51},"fnNames":{}}}
,"C:\\Users\\iamra\\OneDrive\\Desktop\\Project\\Project\\src\\services\\complianceService.js": {"path":"C:\\Users\\iamra\\OneDrive\\Desktop\\Project\\Project\\src\\services\\complianceService.js","statementMap":{"0":{"start":{"line":3,"column":19},"end":{"line":3,"column":null}},"1":{"start":{"line":5,"column":6},"end":{"line":6,"column":null}},"2":{"start":{"line":6,"column":2},"end":{"line":6,"column":null}},"3":{"start":{"line":6,"column":27},"end":{"line":6,"column":50}},"4":{"start":{"line":8,"column":26},"end":{"line":52,"column":null}},"5":{"start":{"line":10,"column":4},"end":{"line":10,"column":null}},"6":{"start":{"line":12,"column":4},"end":{"line":12,"column":null}},"7":{"start":{"line":16,"column":4},"end":{"line":16,"column":null}},"8":{"start":{"line":18,"column":19},"end":{"line":20,"column":null}},"9":{"start":{"line":19,"column":16},"end":{"line":19,"column":null}},"10":{"start":{"line":22,"column":4},"end":{"line":24,"column":null}},"11":{"start":{"line":23,"column":6},"end":{"line":23,"column":null}},"12":{"start":{"line":26,"column":4},"end":{"line":26,"column":null}},"13":{"start":{"line":30,"column":4},"end":{"line":30,"column":null}},"14":{"start":{"line":32,"column":4},"end":{"line":35,"column":null}},"15":{"start":{"line":39,"column":4},"end":{"line":39,"column":null}},"16":{"start":{"line":41,"column":4},"end":{"line":44,"column":null}},"17":{"start":{"line":48,"column":4},"end":{"line":48,"column":null}},"18":{"start":{"line":50,"column":4},"end":{"line":50,"column":null}}},"fnMap":{"0":{"name":"(anonymous_0)","decl":{"start":{"line":5,"column":6},"end":{"line":5,"column":15}},"loc":{"start":{"line":6,"column":2},"end":{"line":6,"column":null}},"line":6},"1":{"name":"(anonymous_1)","decl":{"start":{"line":6,"column":6},"end":{"line":6,"column":15}},"loc":{"start":{"line":6,"column":27},"end":{"line":6,"column":50}},"line":6},"2":{"name":"(anonymous_2)","decl":{"start":{"line":9,"column":20},"end":{"line":9,"column":32}},"loc":{"start":{"line":9,"column":32},"end":{"line":13,"column":null}},"line":9},"3":{"name":"(anonymous_3)","decl":{"start":{"line":15,"column":21},"end":{"line":15,"column":28}},"loc":{"start":{"line":15,"column":35},"end":{"line":27,"column":null}},"line":15},"4":{"name":"(anonymous_4)","decl":{"start":{"line":18,"column":30},"end":{"line":18,"column":null}},"loc":{"start":{"line":19,"column":16},"end":{"line":19,"column":null}},"line":19},"5":{"name":"(anonymous_5)","decl":{"start":{"line":29,"column":20},"end":{"line":29,"column":27}},"loc":{"start":{"line":29,"column":38},"end":{"line":36,"column":null}},"line":29},"6":{"name":"(anonymous_6)","decl":{"start":{"line":38,"column":20},"end":{"line":38,"column":27}},"loc":{"start":{"line":38,"column":49},"end":{"line":45,"column":null}},"line":38},"7":{"name":"(anonymous_7)","decl":{"start":{"line":47,"column":20},"end":{"line":47,"column":27}},"loc":{"start":{"line":47,"column":34},"end":{"line":51,"column":null}},"line":47}},"branchMap":{"0":{"loc":{"start":{"line":3,"column":19},"end":{"line":3,"column":null}},"type":"binary-expr","locations":[{"start":{"line":3,"column":19},"end":{"line":3,"column":48}},{"start":{"line":3,"column":48},"end":{"line":3,"column":null}}],"line":3},"1":{"loc":{"start":{"line":22,"column":4},"end":{"line":24,"column":null}},"type":"if","locations":[{"start":{"line":22,"column":4},"end":{"line":24,"column":null}},{"start":{},"end":{}}],"line":22}},"s":{"0":2,"1":2,"2":7,"3":7,"4":2,"5":2,"6":2,"7":2,"8":2,"9":9,"10":2,"11":1,"12":1,"13":1,"14":1,"15":1,"16":1,"17":1,"18":1},"f":{"0":7,"1":7,"2":2,"3":2,"4":9,"5":1,"6":1,"7":1},"b":{"0":[2,0],"1":[1,1]},"meta":{"lastBranch":2,"lastFunction":8,"lastStatement":19,"seen":{"s:3:19:3:Infinity":0,"b:3:19:3:48:3:48:3:Infinity":0,"s:5:6:6:Infinity":1,"f:5:6:5:15":0,"s:6:2:6:Infinity":2,"f:6:6:6:15":1,"s:6:27:6:50":3,"s:8:26:52:Infinity":4,"f:9:20:9:32":2,"s:10:4:10:Infinity":5,"s:12:4:12:Infinity":6,"f:15:21:15:28":3,"s:16:4:16:Infinity":7,"s:18:19:20:Infinity":8,"f:18:30:18:Infinity":4,"s:19:16:19:Infinity":9,"b:22:4:24:Infinity:undefined:undefined:undefined:undefined":1,"s:22:4:24:Infinity":10,"s:23:6:23:Infinity":11,"s:26:4:26:Infinity":12,"f:29:20:29:27":5,"s:30:4:30:Infinity":13,"s:32:4:35:Infinity":14,"f:38:20:38:27":6,"s:39:4:39:Infinity":15,"s:41:4:44:Infinity":16,"f:47:20:47:27":7,"s:48:4:48:Infinity":17,"s:50:4:50:Infinity":18},"fnNames":{}}}
,"C:\\Users\\iamra\\OneDrive\\Desktop\\Project\\Project\\src\\services\\notificationService.js": {"path":"C:\\Users\\iamra\\OneDrive\\Desktop\\Project\\Project\\src\\services\\notificationService.js","statementMap":{"0":{"start":{"line":3,"column":6},"end":{"line":4,"column":null}},"1":{"start":{"line":4,"column":2},"end":{"line":4,"column":null}},"2":{"start":{"line":4,"column":27},"end":{"line":4,"column":50}},"3":{"start":{"line":6,"column":28},"end":{"line":37,"column":null}},"4":{"start":{"line":8,"column":4},"end":{"line":8,"column":null}},"5":{"start":{"line":9,"column":4},"end":{"line":9,"column":null}},"6":{"start":{"line":13,"column":4},"end":{"line":13,"column":null}},"7":{"start":{"line":15,"column":4},"end":{"line":17,"column":null}},"8":{"start":{"line":16,"column":24},"end":{"line":16,"column":null}},"9":{"start":{"line":21,"column":4},"end":{"line":21,"column":null}},"10":{"start":{"line":23,"column":4},"end":{"line":26,"column":null}},"11":{"start":{"line":30,"column":4},"end":{"line":30,"column":null}},"12":{"start":{"line":32,"column":4},"end":{"line":35,"column":null}}},"fnMap":{"0":{"name":"(anonymous_0)","decl":{"start":{"line":3,"column":6},"end":{"line":3,"column":15}},"loc":{"start":{"line":4,"column":2},"end":{"line":4,"column":null}},"line":4},"1":{"name":"(anonymous_1)","decl":{"start":{"line":4,"column":6},"end":{"line":4,"column":15}},"loc":{"start":{"line":4,"column":27},"end":{"line":4,"column":50}},"line":4},"2":{"name":"getNotifications","decl":{"start":{"line":7,"column":8},"end":{"line":7,"column":27}},"loc":{"start":{"line":7,"column":27},"end":{"line":10,"column":null}},"line":7},"3":{"name":"getNotificationById","decl":{"start":{"line":12,"column":8},"end":{"line":12,"column":28}},"loc":{"start":{"line":12,"column":32},"end":{"line":18,"column":null}},"line":12},"4":{"name":"(anonymous_4)","decl":{"start":{"line":15,"column":42},"end":{"line":15,"column":null}},"loc":{"start":{"line":16,"column":24},"end":{"line":16,"column":null}},"line":16},"5":{"name":"markAsRead","decl":{"start":{"line":20,"column":8},"end":{"line":20,"column":19}},"loc":{"start":{"line":20,"column":23},"end":{"line":27,"column":null}},"line":20},"6":{"name":"markAsUnread","decl":{"start":{"line":29,"column":8},"end":{"line":29,"column":21}},"loc":{"start":{"line":29,"column":25},"end":{"line":36,"column":null}},"line":29}},"branchMap":{},"s":{"0":1,"1":8,"2":8,"3":1,"4":4,"5":4,"6":2,"7":2,"8":5,"9":1,"10":1,"11":1,"12":1},"f":{"0":8,"1":8,"2":4,"3":2,"4":5,"5":1,"6":1},"b":{},"meta":{"lastBranch":0,"lastFunction":7,"lastStatement":13,"seen":{"s:3:6:4:Infinity":0,"f:3:6:3:15":0,"s:4:2:4:Infinity":1,"f:4:6:4:15":1,"s:4:27:4:50":2,"s:6:28:37:Infinity":3,"f:7:8:7:27":2,"s:8:4:8:Infinity":4,"s:9:4:9:Infinity":5,"f:12:8:12:28":3,"s:13:4:13:Infinity":6,"s:15:4:17:Infinity":7,"f:15:42:15:Infinity":4,"s:16:24:16:Infinity":8,"f:20:8:20:19":5,"s:21:4:21:Infinity":9,"s:23:4:26:Infinity":10,"f:29:8:29:21":6,"s:30:4:30:Infinity":11,"s:32:4:35:Infinity":12},"fnNames":{}}}
,"C:\\Users\\iamra\\OneDrive\\Desktop\\Project\\Project\\src\\services\\procurementService.js": {"path":"C:\\Users\\iamra\\OneDrive\\Desktop\\Project\\Project\\src\\services\\procurementService.js","statementMap":{"0":{"start":{"line":3,"column":21},"end":{"line":3,"column":null}},"1":{"start":{"line":5,"column":6},"end":{"line":6,"column":null}},"2":{"start":{"line":6,"column":2},"end":{"line":6,"column":null}},"3":{"start":{"line":6,"column":27},"end":{"line":6,"column":50}},"4":{"start":{"line":8,"column":6},"end":{"line":17,"column":null}},"5":{"start":{"line":9,"column":19},"end":{"line":9,"column":null}},"6":{"start":{"line":11,"column":2},"end":{"line":16,"column":null}},"7":{"start":{"line":12,"column":4},"end":{"line":15,"column":null}},"8":{"start":{"line":19,"column":0},"end":{"line":19,"column":null}},"9":{"start":{"line":21,"column":27},"end":{"line":173,"column":null}},"10":{"start":{"line":23,"column":4},"end":{"line":23,"column":null}},"11":{"start":{"line":25,"column":4},"end":{"line":27,"column":null}},"12":{"start":{"line":31,"column":4},"end":{"line":31,"column":null}},"13":{"start":{"line":33,"column":21},"end":{"line":35,"column":null}},"14":{"start":{"line":37,"column":20},"end":{"line":39,"column":null}},"15":{"start":{"line":38,"column":13},"end":{"line":38,"column":null}},"16":{"start":{"line":41,"column":4},"end":{"line":43,"column":null}},"17":{"start":{"line":42,"column":6},"end":{"line":42,"column":null}},"18":{"start":{"line":45,"column":4},"end":{"line":45,"column":null}},"19":{"start":{"line":49,"column":4},"end":{"line":49,"column":null}},"20":{"start":{"line":51,"column":21},"end":{"line":53,"column":null}},"21":{"start":{"line":55,"column":23},"end":{"line":61,"column":null}},"22":{"start":{"line":63,"column":4},"end":{"line":63,"column":null}},"23":{"start":{"line":65,"column":4},"end":{"line":68,"column":null}},"24":{"start":{"line":70,"column":4},"end":{"line":70,"column":null}},"25":{"start":{"line":74,"column":4},"end":{"line":74,"column":null}},"26":{"start":{"line":76,"column":21},"end":{"line":78,"column":null}},"27":{"start":{"line":80,"column":18},"end":{"line":82,"column":null}},"28":{"start":{"line":81,"column":13},"end":{"line":81,"column":null}},"29":{"start":{"line":84,"column":4},"end":{"line":86,"column":null}},"30":{"start":{"line":85,"column":6},"end":{"line":85,"column":null}},"31":{"start":{"line":88,"column":4},"end":{"line":91,"column":null}},"32":{"start":{"line":93,"column":4},"end":{"line":96,"column":null}},"33":{"start":{"line":98,"column":4},"end":{"line":98,"column":null}},"34":{"start":{"line":102,"column":4},"end":{"line":102,"column":null}},"35":{"start":{"line":104,"column":21},"end":{"line":106,"column":null}},"36":{"start":{"line":108,"column":18},"end":{"line":110,"column":null}},"37":{"start":{"line":109,"column":13},"end":{"line":109,"column":null}},"38":{"start":{"line":112,"column":4},"end":{"line":114,"column":null}},"39":{"start":{"line":113,"column":6},"end":{"line":113,"column":null}},"40":{"start":{"line":116,"column":4},"end":{"line":116,"column":null}},"41":{"start":{"line":117,"column":4},"end":{"line":117,"column":null}},"42":{"start":{"line":118,"column":4},"end":{"line":119,"column":null}},"43":{"start":{"line":121,"column":4},"end":{"line":124,"column":null}},"44":{"start":{"line":126,"column":4},"end":{"line":126,"column":null}},"45":{"start":{"line":130,"column":4},"end":{"line":130,"column":null}},"46":{"start":{"line":132,"column":21},"end":{"line":134,"column":null}},"47":{"start":{"line":136,"column":18},"end":{"line":138,"column":null}},"48":{"start":{"line":137,"column":13},"end":{"line":137,"column":null}},"49":{"start":{"line":140,"column":4},"end":{"line":142,"column":null}},"50":{"start":{"line":141,"column":6},"end":{"line":141,"column":null}},"51":{"start":{"line":144,"column":4},"end":{"line":144,"column":null}},"52":{"start":{"line":145,"column":4},"end":{"line":145,"column":null}},"53":{"start":{"line":147,"column":4},"end":{"line":150,"column":null}},"54":{"start":{"line":152,"column":4},"end":{"line":152,"column":null}},"55":{"start":{"line":156,"column":4},"end":{"line":156,"column":null}},"56":{"start":{"line":158,"column":21},"end":{"line":160,"column":null}},"57":{"start":{"line":162,"column":21},"end":{"line":164,"column":null}},"58":{"start":{"line":163,"column":13},"end":{"line":163,"column":null}},"59":{"start":{"line":166,"column":4},"end":{"line":169,"column":null}},"60":{"start":{"line":171,"column":4},"end":{"line":171,"column":null}}},"fnMap":{"0":{"name":"(anonymous_0)","decl":{"start":{"line":5,"column":6},"end":{"line":5,"column":15}},"loc":{"start":{"line":6,"column":2},"end":{"line":6,"column":null}},"line":6},"1":{"name":"(anonymous_1)","decl":{"start":{"line":6,"column":6},"end":{"line":6,"column":15}},"loc":{"start":{"line":6,"column":27},"end":{"line":6,"column":50}},"line":6},"2":{"name":"(anonymous_2)","decl":{"start":{"line":8,"column":6},"end":{"line":8,"column":33}},"loc":{"start":{"line":8,"column":33},"end":{"line":17,"column":null}},"line":8},"3":{"name":"getAll","decl":{"start":{"line":22,"column":8},"end":{"line":22,"column":17}},"loc":{"start":{"line":22,"column":17},"end":{"line":28,"column":null}},"line":22},"4":{"name":"getById","decl":{"start":{"line":30,"column":8},"end":{"line":30,"column":16}},"loc":{"start":{"line":30,"column":20},"end":{"line":46,"column":null}},"line":30},"5":{"name":"(anonymous_5)","decl":{"start":{"line":37,"column":29},"end":{"line":37,"column":null}},"loc":{"start":{"line":38,"column":13},"end":{"line":38,"column":null}},"line":38},"6":{"name":"create","decl":{"start":{"line":48,"column":8},"end":{"line":48,"column":15}},"loc":{"start":{"line":48,"column":21},"end":{"line":71,"column":null}},"line":48},"7":{"name":"update","decl":{"start":{"line":73,"column":8},"end":{"line":73,"column":15}},"loc":{"start":{"line":73,"column":32},"end":{"line":99,"column":null}},"line":73},"8":{"name":"(anonymous_8)","decl":{"start":{"line":80,"column":27},"end":{"line":80,"column":null}},"loc":{"start":{"line":81,"column":13},"end":{"line":81,"column":null}},"line":81},"9":{"name":"approve","decl":{"start":{"line":101,"column":8},"end":{"line":101,"column":16}},"loc":{"start":{"line":101,"column":30},"end":{"line":127,"column":null}},"line":101},"10":{"name":"(anonymous_10)","decl":{"start":{"line":108,"column":27},"end":{"line":108,"column":null}},"loc":{"start":{"line":109,"column":13},"end":{"line":109,"column":null}},"line":109},"11":{"name":"reject","decl":{"start":{"line":129,"column":8},"end":{"line":129,"column":15}},"loc":{"start":{"line":129,"column":28},"end":{"line":153,"column":null}},"line":129},"12":{"name":"(anonymous_12)","decl":{"start":{"line":136,"column":27},"end":{"line":136,"column":null}},"loc":{"start":{"line":137,"column":13},"end":{"line":137,"column":null}},"line":137},"13":{"name":"remove","decl":{"start":{"line":155,"column":8},"end":{"line":155,"column":15}},"loc":{"start":{"line":155,"column":19},"end":{"line":172,"column":null}},"line":155},"14":{"name":"(anonymous_14)","decl":{"start":{"line":162,"column":30},"end":{"line":162,"column":null}},"loc":{"start":{"line":163,"column":13},"end":{"line":163,"column":null}},"line":163}},"branchMap":{"0":{"loc":{"start":{"line":11,"column":2},"end":{"line":16,"column":null}},"type":"if","locations":[{"start":{"line":11,"column":2},"end":{"line":16,"column":null}},{"start":{},"end":{}}],"line":11},"1":{"loc":{"start":{"line":41,"column":4},"end":{"line":43,"column":null}},"type":"if","locations":[{"start":{"line":41,"column":4},"end":{"line":43,"column":null}},{"start":{},"end":{}}],"line":41},"2":{"loc":{"start":{"line":84,"column":4},"end":{"line":86,"column":null}},"type":"if","locations":[{"start":{"line":84,"column":4},"end":{"line":86,"column":null}},{"start":{},"end":{}}],"line":84},"3":{"loc":{"start":{"line":112,"column":4},"end":{"line":114,"column":null}},"type":"if","locations":[{"start":{"line":112,"column":4},"end":{"line":114,"column":null}},{"start":{},"end":{}}],"line":112},"4":{"loc":{"start":{"line":140,"column":4},"end":{"line":142,"column":null}},"type":"if","locations":[{"start":{"line":140,"column":4},"end":{"line":142,"column":null}},{"start":{},"end":{}}],"line":140}},"s":{"0":2,"1":2,"2":13,"3":13,"4":2,"5":2,"6":2,"7":2,"8":2,"9":2,"10":1,"11":1,"12":3,"13":3,"14":3,"15":10,"16":3,"17":1,"18":2,"19":1,"20":1,"21":1,"22":1,"23":1,"24":1,"25":2,"26":2,"27":2,"28":9,"29":2,"30":1,"31":1,"32":1,"33":1,"34":2,"35":2,"36":2,"37":9,"38":2,"39":1,"40":1,"41":1,"42":1,"43":1,"44":1,"45":2,"46":2,"47":2,"48":9,"49":2,"50":1,"51":1,"52":1,"53":1,"54":1,"55":2,"56":2,"57":2,"58":16,"59":2,"60":2},"f":{"0":13,"1":13,"2":2,"3":1,"4":3,"5":10,"6":1,"7":2,"8":9,"9":2,"10":9,"11":2,"12":9,"13":2,"14":16},"b":{"0":[2,0],"1":[1,2],"2":[1,1],"3":[1,1],"4":[1,1]},"meta":{"lastBranch":5,"lastFunction":15,"lastStatement":61,"seen":{"s:3:21:3:Infinity":0,"s:5:6:6:Infinity":1,"f:5:6:5:15":0,"s:6:2:6:Infinity":2,"f:6:6:6:15":1,"s:6:27:6:50":3,"s:8:6:17:Infinity":4,"f:8:6:8:33":2,"s:9:19:9:Infinity":5,"b:11:2:16:Infinity:undefined:undefined:undefined:undefined":0,"s:11:2:16:Infinity":6,"s:12:4:15:Infinity":7,"s:19:0:19:Infinity":8,"s:21:27:173:Infinity":9,"f:22:8:22:17":3,"s:23:4:23:Infinity":10,"s:25:4:27:Infinity":11,"f:30:8:30:16":4,"s:31:4:31:Infinity":12,"s:33:21:35:Infinity":13,"s:37:20:39:Infinity":14,"f:37:29:37:Infinity":5,"s:38:13:38:Infinity":15,"b:41:4:43:Infinity:undefined:undefined:undefined:undefined":1,"s:41:4:43:Infinity":16,"s:42:6:42:Infinity":17,"s:45:4:45:Infinity":18,"f:48:8:48:15":6,"s:49:4:49:Infinity":19,"s:51:21:53:Infinity":20,"s:55:23:61:Infinity":21,"s:63:4:63:Infinity":22,"s:65:4:68:Infinity":23,"s:70:4:70:Infinity":24,"f:73:8:73:15":7,"s:74:4:74:Infinity":25,"s:76:21:78:Infinity":26,"s:80:18:82:Infinity":27,"f:80:27:80:Infinity":8,"s:81:13:81:Infinity":28,"b:84:4:86:Infinity:undefined:undefined:undefined:undefined":2,"s:84:4:86:Infinity":29,"s:85:6:85:Infinity":30,"s:88:4:91:Infinity":31,"s:93:4:96:Infinity":32,"s:98:4:98:Infinity":33,"f:101:8:101:16":9,"s:102:4:102:Infinity":34,"s:104:21:106:Infinity":35,"s:108:18:110:Infinity":36,"f:108:27:108:Infinity":10,"s:109:13:109:Infinity":37,"b:112:4:114:Infinity:undefined:undefined:undefined:undefined":3,"s:112:4:114:Infinity":38,"s:113:6:113:Infinity":39,"s:116:4:116:Infinity":40,"s:117:4:117:Infinity":41,"s:118:4:119:Infinity":42,"s:121:4:124:Infinity":43,"s:126:4:126:Infinity":44,"f:129:8:129:15":11,"s:130:4:130:Infinity":45,"s:132:21:134:Infinity":46,"s:136:18:138:Infinity":47,"f:136:27:136:Infinity":12,"s:137:13:137:Infinity":48,"b:140:4:142:Infinity:undefined:undefined:undefined:undefined":4,"s:140:4:142:Infinity":49,"s:141:6:141:Infinity":50,"s:144:4:144:Infinity":51,"s:145:4:145:Infinity":52,"s:147:4:150:Infinity":53,"s:152:4:152:Infinity":54,"f:155:8:155:15":13,"s:156:4:156:Infinity":55,"s:158:21:160:Infinity":56,"s:162:21:164:Infinity":57,"f:162:30:162:Infinity":14,"s:163:13:163:Infinity":58,"s:166:4:169:Infinity":59,"s:171:4:171:Infinity":60},"fnNames":{}}}
,"C:\\Users\\iamra\\OneDrive\\Desktop\\Project\\Project\\src\\services\\reportService.js": {"path":"C:\\Users\\iamra\\OneDrive\\Desktop\\Project\\Project\\src\\services\\reportService.js","statementMap":{"0":{"start":{"line":3,"column":6},"end":{"line":4,"column":null}},"1":{"start":{"line":4,"column":2},"end":{"line":4,"column":null}},"2":{"start":{"line":4,"column":27},"end":{"line":4,"column":50}},"3":{"start":{"line":6,"column":22},"end":{"line":35,"column":null}},"4":{"start":{"line":8,"column":4},"end":{"line":8,"column":null}},"5":{"start":{"line":9,"column":4},"end":{"line":9,"column":null}},"6":{"start":{"line":13,"column":4},"end":{"line":13,"column":null}},"7":{"start":{"line":15,"column":4},"end":{"line":18,"column":null}},"8":{"start":{"line":22,"column":4},"end":{"line":22,"column":null}},"9":{"start":{"line":24,"column":4},"end":{"line":27,"column":null}},"10":{"start":{"line":31,"column":4},"end":{"line":31,"column":null}},"11":{"start":{"line":33,"column":4},"end":{"line":33,"column":null}}},"fnMap":{"0":{"name":"(anonymous_0)","decl":{"start":{"line":3,"column":6},"end":{"line":3,"column":15}},"loc":{"start":{"line":4,"column":2},"end":{"line":4,"column":null}},"line":4},"1":{"name":"(anonymous_1)","decl":{"start":{"line":4,"column":6},"end":{"line":4,"column":15}},"loc":{"start":{"line":4,"column":27},"end":{"line":4,"column":50}},"line":4},"2":{"name":"getReports","decl":{"start":{"line":7,"column":8},"end":{"line":7,"column":21}},"loc":{"start":{"line":7,"column":21},"end":{"line":10,"column":null}},"line":7},"3":{"name":"exportCSV","decl":{"start":{"line":12,"column":8},"end":{"line":12,"column":20}},"loc":{"start":{"line":12,"column":20},"end":{"line":19,"column":null}},"line":12},"4":{"name":"exportExcel","decl":{"start":{"line":21,"column":8},"end":{"line":21,"column":22}},"loc":{"start":{"line":21,"column":22},"end":{"line":28,"column":null}},"line":21},"5":{"name":"saveReport","decl":{"start":{"line":30,"column":8},"end":{"line":30,"column":19}},"loc":{"start":{"line":30,"column":27},"end":{"line":34,"column":null}},"line":30}},"branchMap":{},"s":{"0":1,"1":4,"2":4,"3":1,"4":1,"5":1,"6":1,"7":1,"8":1,"9":1,"10":1,"11":1},"f":{"0":4,"1":4,"2":1,"3":1,"4":1,"5":1},"b":{},"meta":{"lastBranch":0,"lastFunction":6,"lastStatement":12,"seen":{"s:3:6:4:Infinity":0,"f:3:6:3:15":0,"s:4:2:4:Infinity":1,"f:4:6:4:15":1,"s:4:27:4:50":2,"s:6:22:35:Infinity":3,"f:7:8:7:21":2,"s:8:4:8:Infinity":4,"s:9:4:9:Infinity":5,"f:12:8:12:20":3,"s:13:4:13:Infinity":6,"s:15:4:18:Infinity":7,"f:21:8:21:22":4,"s:22:4:22:Infinity":8,"s:24:4:27:Infinity":9,"f:30:8:30:19":5,"s:31:4:31:Infinity":10,"s:33:4:33:Infinity":11},"fnNames":{}}}
,"C:\\Users\\iamra\\OneDrive\\Desktop\\Project\\Project\\src\\services\\riskService.js": {"path":"C:\\Users\\iamra\\OneDrive\\Desktop\\Project\\Project\\src\\services\\riskService.js","statementMap":{"0":{"start":{"line":3,"column":16},"end":{"line":3,"column":null}},"1":{"start":{"line":5,"column":20},"end":{"line":82,"column":null}},"2":{"start":{"line":7,"column":4},"end":{"line":15,"column":null}},"3":{"start":{"line":8,"column":23},"end":{"line":8,"column":null}},"4":{"start":{"line":9,"column":6},"end":{"line":9,"column":null}},"5":{"start":{"line":11,"column":6},"end":{"line":14,"column":null}},"6":{"start":{"line":19,"column":4},"end":{"line":27,"column":null}},"7":{"start":{"line":20,"column":23},"end":{"line":20,"column":null}},"8":{"start":{"line":21,"column":6},"end":{"line":21,"column":null}},"9":{"start":{"line":23,"column":6},"end":{"line":26,"column":null}},"10":{"start":{"line":31,"column":4},"end":{"line":39,"column":null}},"11":{"start":{"line":32,"column":23},"end":{"line":32,"column":null}},"12":{"start":{"line":33,"column":6},"end":{"line":33,"column":null}},"13":{"start":{"line":35,"column":6},"end":{"line":38,"column":null}},"14":{"start":{"line":43,"column":4},"end":{"line":54,"column":null}},"15":{"start":{"line":44,"column":23},"end":{"line":47,"column":null}},"16":{"start":{"line":48,"column":6},"end":{"line":48,"column":null}},"17":{"start":{"line":50,"column":6},"end":{"line":53,"column":null}},"18":{"start":{"line":58,"column":4},"end":{"line":65,"column":null}},"19":{"start":{"line":59,"column":6},"end":{"line":59,"column":null}},"20":{"start":{"line":61,"column":6},"end":{"line":64,"column":null}},"21":{"start":{"line":69,"column":4},"end":{"line":80,"column":null}},"22":{"start":{"line":70,"column":23},"end":{"line":73,"column":null}},"23":{"start":{"line":74,"column":6},"end":{"line":74,"column":null}},"24":{"start":{"line":76,"column":6},"end":{"line":79,"column":null}}},"fnMap":{"0":{"name":"getAll","decl":{"start":{"line":6,"column":8},"end":{"line":6,"column":17}},"loc":{"start":{"line":6,"column":17},"end":{"line":16,"column":null}},"line":6},"1":{"name":"getById","decl":{"start":{"line":18,"column":8},"end":{"line":18,"column":16}},"loc":{"start":{"line":18,"column":20},"end":{"line":28,"column":null}},"line":18},"2":{"name":"create","decl":{"start":{"line":30,"column":8},"end":{"line":30,"column":15}},"loc":{"start":{"line":30,"column":21},"end":{"line":40,"column":null}},"line":30},"3":{"name":"update","decl":{"start":{"line":42,"column":8},"end":{"line":42,"column":15}},"loc":{"start":{"line":42,"column":25},"end":{"line":55,"column":null}},"line":42},"4":{"name":"remove","decl":{"start":{"line":57,"column":8},"end":{"line":57,"column":15}},"loc":{"start":{"line":57,"column":19},"end":{"line":66,"column":null}},"line":57},"5":{"name":"updateStatus","decl":{"start":{"line":68,"column":8},"end":{"line":68,"column":21}},"loc":{"start":{"line":68,"column":33},"end":{"line":81,"column":null}},"line":68}},"branchMap":{"0":{"loc":{"start":{"line":12,"column":8},"end":{"line":13,"column":null}},"type":"binary-expr","locations":[{"start":{"line":12,"column":8},"end":{"line":12,"column":null}},{"start":{"line":13,"column":10},"end":{"line":13,"column":null}}],"line":12},"1":{"loc":{"start":{"line":24,"column":8},"end":{"line":25,"column":null}},"type":"binary-expr","locations":[{"start":{"line":24,"column":8},"end":{"line":24,"column":null}},{"start":{"line":25,"column":10},"end":{"line":25,"column":null}}],"line":24},"2":{"loc":{"start":{"line":36,"column":8},"end":{"line":37,"column":null}},"type":"binary-expr","locations":[{"start":{"line":36,"column":8},"end":{"line":36,"column":null}},{"start":{"line":37,"column":10},"end":{"line":37,"column":null}}],"line":36},"3":{"loc":{"start":{"line":51,"column":8},"end":{"line":52,"column":null}},"type":"binary-expr","locations":[{"start":{"line":51,"column":8},"end":{"line":51,"column":null}},{"start":{"line":52,"column":10},"end":{"line":52,"column":null}}],"line":51},"4":{"loc":{"start":{"line":62,"column":8},"end":{"line":63,"column":null}},"type":"binary-expr","locations":[{"start":{"line":62,"column":8},"end":{"line":62,"column":null}},{"start":{"line":63,"column":10},"end":{"line":63,"column":null}}],"line":62},"5":{"loc":{"start":{"line":77,"column":8},"end":{"line":78,"column":null}},"type":"binary-expr","locations":[{"start":{"line":77,"column":8},"end":{"line":77,"column":null}},{"start":{"line":78,"column":10},"end":{"line":78,"column":null}}],"line":77}},"s":{"0":2,"1":2,"2":3,"3":3,"4":1,"5":2,"6":3,"7":3,"8":1,"9":2,"10":3,"11":3,"12":1,"13":2,"14":3,"15":3,"16":1,"17":2,"18":3,"19":3,"20":2,"21":3,"22":3,"23":1,"24":2},"f":{"0":3,"1":3,"2":3,"3":3,"4":3,"5":3},"b":{"0":[2,1],"1":[2,1],"2":[2,1],"3":[2,1],"4":[2,1],"5":[2,1]},"meta":{"lastBranch":6,"lastFunction":6,"lastStatement":25,"seen":{"s:3:16:3:Infinity":0,"s:5:20:82:Infinity":1,"f:6:8:6:17":0,"s:7:4:15:Infinity":2,"s:8:23:8:Infinity":3,"s:9:6:9:Infinity":4,"s:11:6:14:Infinity":5,"b:12:8:12:Infinity:13:10:13:Infinity":0,"f:18:8:18:16":1,"s:19:4:27:Infinity":6,"s:20:23:20:Infinity":7,"s:21:6:21:Infinity":8,"s:23:6:26:Infinity":9,"b:24:8:24:Infinity:25:10:25:Infinity":1,"f:30:8:30:15":2,"s:31:4:39:Infinity":10,"s:32:23:32:Infinity":11,"s:33:6:33:Infinity":12,"s:35:6:38:Infinity":13,"b:36:8:36:Infinity:37:10:37:Infinity":2,"f:42:8:42:15":3,"s:43:4:54:Infinity":14,"s:44:23:47:Infinity":15,"s:48:6:48:Infinity":16,"s:50:6:53:Infinity":17,"b:51:8:51:Infinity:52:10:52:Infinity":3,"f:57:8:57:15":4,"s:58:4:65:Infinity":18,"s:59:6:59:Infinity":19,"s:61:6:64:Infinity":20,"b:62:8:62:Infinity:63:10:63:Infinity":4,"f:68:8:68:21":5,"s:69:4:80:Infinity":21,"s:70:23:73:Infinity":22,"s:74:6:74:Infinity":23,"s:76:6:79:Infinity":24,"b:77:8:77:Infinity:78:10:78:Infinity":5},"fnNames":{}}}
,"C:\\Users\\iamra\\OneDrive\\Desktop\\Project\\Project\\src\\services\\vendorService.js": {"path":"C:\\Users\\iamra\\OneDrive\\Desktop\\Project\\Project\\src\\services\\vendorService.js","statementMap":{"0":{"start":{"line":3,"column":20},"end":{"line":3,"column":null}},"1":{"start":{"line":5,"column":6},"end":{"line":6,"column":null}},"2":{"start":{"line":6,"column":2},"end":{"line":6,"column":null}},"3":{"start":{"line":6,"column":27},"end":{"line":6,"column":50}},"4":{"start":{"line":8,"column":6},"end":{"line":17,"column":null}},"5":{"start":{"line":9,"column":18},"end":{"line":9,"column":null}},"6":{"start":{"line":11,"column":2},"end":{"line":16,"column":null}},"7":{"start":{"line":12,"column":4},"end":{"line":15,"column":null}},"8":{"start":{"line":19,"column":0},"end":{"line":19,"column":null}},"9":{"start":{"line":21,"column":22},"end":{"line":117,"column":null}},"10":{"start":{"line":23,"column":4},"end":{"line":23,"column":null}},"11":{"start":{"line":25,"column":4},"end":{"line":27,"column":null}},"12":{"start":{"line":31,"column":4},"end":{"line":31,"column":null}},"13":{"start":{"line":33,"column":20},"end":{"line":35,"column":null}},"14":{"start":{"line":37,"column":19},"end":{"line":39,"column":null}},"15":{"start":{"line":38,"column":13},"end":{"line":38,"column":null}},"16":{"start":{"line":41,"column":4},"end":{"line":43,"column":null}},"17":{"start":{"line":42,"column":6},"end":{"line":42,"column":null}},"18":{"start":{"line":45,"column":4},"end":{"line":45,"column":null}},"19":{"start":{"line":49,"column":4},"end":{"line":49,"column":null}},"20":{"start":{"line":51,"column":20},"end":{"line":53,"column":null}},"21":{"start":{"line":55,"column":22},"end":{"line":59,"column":null}},"22":{"start":{"line":61,"column":4},"end":{"line":61,"column":null}},"23":{"start":{"line":63,"column":4},"end":{"line":66,"column":null}},"24":{"start":{"line":68,"column":4},"end":{"line":68,"column":null}},"25":{"start":{"line":72,"column":4},"end":{"line":72,"column":null}},"26":{"start":{"line":74,"column":20},"end":{"line":76,"column":null}},"27":{"start":{"line":78,"column":18},"end":{"line":80,"column":null}},"28":{"start":{"line":79,"column":13},"end":{"line":79,"column":null}},"29":{"start":{"line":82,"column":4},"end":{"line":84,"column":null}},"30":{"start":{"line":83,"column":6},"end":{"line":83,"column":null}},"31":{"start":{"line":86,"column":4},"end":{"line":89,"column":null}},"32":{"start":{"line":91,"column":4},"end":{"line":94,"column":null}},"33":{"start":{"line":96,"column":4},"end":{"line":96,"column":null}},"34":{"start":{"line":100,"column":4},"end":{"line":100,"column":null}},"35":{"start":{"line":102,"column":20},"end":{"line":104,"column":null}},"36":{"start":{"line":106,"column":21},"end":{"line":108,"column":null}},"37":{"start":{"line":107,"column":13},"end":{"line":107,"column":null}},"38":{"start":{"line":110,"column":4},"end":{"line":113,"column":null}},"39":{"start":{"line":115,"column":4},"end":{"line":115,"column":null}}},"fnMap":{"0":{"name":"(anonymous_0)","decl":{"start":{"line":5,"column":6},"end":{"line":5,"column":15}},"loc":{"start":{"line":6,"column":2},"end":{"line":6,"column":null}},"line":6},"1":{"name":"(anonymous_1)","decl":{"start":{"line":6,"column":6},"end":{"line":6,"column":15}},"loc":{"start":{"line":6,"column":27},"end":{"line":6,"column":50}},"line":6},"2":{"name":"(anonymous_2)","decl":{"start":{"line":8,"column":6},"end":{"line":8,"column":32}},"loc":{"start":{"line":8,"column":32},"end":{"line":17,"column":null}},"line":8},"3":{"name":"getAll","decl":{"start":{"line":22,"column":8},"end":{"line":22,"column":17}},"loc":{"start":{"line":22,"column":17},"end":{"line":28,"column":null}},"line":22},"4":{"name":"getById","decl":{"start":{"line":30,"column":8},"end":{"line":30,"column":16}},"loc":{"start":{"line":30,"column":20},"end":{"line":46,"column":null}},"line":30},"5":{"name":"(anonymous_5)","decl":{"start":{"line":37,"column":27},"end":{"line":37,"column":null}},"loc":{"start":{"line":38,"column":13},"end":{"line":38,"column":null}},"line":38},"6":{"name":"create","decl":{"start":{"line":48,"column":8},"end":{"line":48,"column":15}},"loc":{"start":{"line":48,"column":23},"end":{"line":69,"column":null}},"line":48},"7":{"name":"update","decl":{"start":{"line":71,"column":8},"end":{"line":71,"column":15}},"loc":{"start":{"line":71,"column":34},"end":{"line":97,"column":null}},"line":71},"8":{"name":"(anonymous_8)","decl":{"start":{"line":78,"column":26},"end":{"line":78,"column":null}},"loc":{"start":{"line":79,"column":13},"end":{"line":79,"column":null}},"line":79},"9":{"name":"delete","decl":{"start":{"line":99,"column":8},"end":{"line":99,"column":15}},"loc":{"start":{"line":99,"column":19},"end":{"line":116,"column":null}},"line":99},"10":{"name":"(anonymous_10)","decl":{"start":{"line":106,"column":29},"end":{"line":106,"column":null}},"loc":{"start":{"line":107,"column":13},"end":{"line":107,"column":null}},"li
[...]
,"C:\\Users\\iamra\\OneDrive\\Desktop\\Project\\Project\\src\\store\\reportSlice.js": {"path":"C:\\Users\\iamra\\OneDrive\\Desktop\\Project\\Project\\src\\store\\reportSlice.js","statementMap":{"0":{"start":{"line":8,"column":13},"end":{"line":13,"column":null}},"1":{"start":{"line":11,"column":4},"end":{"line":11,"column":null}},"2":{"start":{"line":15,"column":13},"end":{"line":20,"column":null}},"3":{"start":{"line":18,"column":4},"end":{"line":18,"column":null}},"4":{"start":{"line":22,"column":13},"end":{"line":27,"column":null}},"5":{"start":{"line":25,"column":4},"end":{"line":25,"column":null}},"6":{"start":{"line":29,"column":13},"end":{"line":34,"column":null}},"7":{"start":{"line":32,"column":4},"end":{"line":32,"column":null}},"8":{"start":{"line":36,"column":21},"end":{"line":41,"column":null}},"9":{"start":{"line":43,"column":6},"end":{"line":81,"column":null}},"10":{"start":{"line":51,"column":4},"end":{"line":79,"column":null}},"11":{"start":{"line":54,"column":8},"end":{"line":54,"column":null}},"12":{"start":{"line":55,"column":8},"end":{"line":55,"column":null}},"13":{"start":{"line":59,"column":8},"end":{"line":59,"column":null}},"14":{"start":{"line":60,"column":8},"end":{"line":60,"column":null}},"15":{"start":{"line":64,"column":8},"end":{"line":64,"column":null}},"16":{"start":{"line":65,"column":8},"end":{"line":65,"column":null}},"17":{"start":{"line":70,"column":8},"end":{"line":70,"column":null}},"18":{"start":{"line":74,"column":8},"end":{"line":74,"column":null}},"19":{"start":{"line":78,"column":8},"end":{"line":78,"column":null}}},"fnMap":{"0":{"name":"(anonymous_0)","decl":{"start":{"line":10,"column":2},"end":{"line":10,"column":14}},"loc":{"start":{"line":10,"column":14},"end":{"line":12,"column":null}},"line":10},"1":{"name":"(anonymous_1)","decl":{"start":{"line":17,"column":2},"end":{"line":17,"column":14}},"loc":{"start":{"line":17,"column":14},"end":{"line":19,"column":null}},"line":17},"2":{"name":"(anonymous_2)","decl":{"start":{"line":24,"column":2},"end":{"line":24,"column":14}},"loc":{"start":{"line":24,"column":14},"end":{"line":26,"column":null}},"line":24},"3":{"name":"(anonymous_3)","decl":{"start":{"line":31,"column":2},"end":{"line":31,"column":9}},"loc":{"start":{"line":31,"column":20},"end":{"line":33,"column":null}},"line":31},"4":{"name":"(anonymous_4)","decl":{"start":{"line":50,"column":2},"end":{"line":50,"column":18}},"loc":{"start":{"line":50,"column":30},"end":{"line":80,"column":null}},"line":50},"5":{"name":"(anonymous_5)","decl":{"start":{"line":53,"column":28},"end":{"line":53,"column":38}},"loc":{"start":{"line":53,"column":48},"end":{"line":56,"column":7}},"line":53},"6":{"name":"(anonymous_6)","decl":{"start":{"line":58,"column":28},"end":{"line":58,"column":40}},"loc":{"start":{"line":58,"column":58},"end":{"line":61,"column":7}},"line":58},"7":{"name":"(anonymous_7)","decl":{"start":{"line":63,"column":28},"end":{"line":63,"column":39}},"loc":{"start":{"line":63,"column":57},"end":{"line":66,"column":7}},"line":63},"8":{"name":"(anonymous_8)","decl":{"start":{"line":69,"column":26},"end":{"line":69,"column":38}},"loc":{"start":{"line":69,"column":56},"end":{"line":71,"column":7}},"line":69},"9":{"name":"(anonymous_9)","decl":{"start":{"line":73,"column":25},"end":{"line":73,"column":42}},"loc":{"start":{"line":73,"column":42},"end":{"line":75,"column":7}},"line":73},"10":{"name":"(anonymous_10)","decl":{"start":{"line":77,"column":27},"end":{"line":77,"column":44}},"loc":{"start":{"line":77,"column":44},"end":{"line":79,"column":7}},"line":77}},"branchMap":{},"s":{"0":1,"1":2,"2":1,"3":1,"4":1,"5":1,"6":1,"7":1,"8":1,"9":1,"10":1,"11":3,"12":3,"13":1,"14":1,"15":1,"16":1,"17":3,"18":2,"19":2},"f":{"0":2,"1":1,"2":1,"3":1,"4":1,"5":3,"6":1,"7":1,"8":3,"9":2,"10":2},"b":{},"meta":{"lastBranch":0,"lastFunction":11,"lastStatement":20,"seen":{"s:8:13:13:Infinity":0,"f:10:2:10:14":0,"s:11:4:11:Infinity":1,"s:15:13:20:Infinity":2,"f:17:2:17:14":1,"s:18:4:18:Infinity":3,"s:22:13:27:Infinity":4,"f:24:2:24:14":2,"s:25:4:25:Infinity":5,"s:29:13:34:Infinity":6,"f:31:2:31:9":3,"s:32:4:32:Infinity":7,"s:36:21:41:Infinity":8,"s:43:6:81:Infinity":9,"f:50:2:50:18":4,"s:51:4:79:Infinity":10,"f:53:28:53:38":5,"s:54:8:54:Infinity":11,"s:55:8:55:Infinity":12,"f:58:28:58:40":6,"s:59:8:59:Infinity":13,"s:60:8:60:Infinity":14,"f:63:28:63:39":7,"s:64:8:64:Infinity":15,"s:65:8:65:Infinity":16,"f:69:26:69:38":8,"s:70:8:70:Infinity":17,"f:73:25:73:42":9,"s:74:8:74:Infinity":18,"f:77:27:77:44":10,"s:78:8:78:Infinity":19},"fnNames":{}}}
,"C:\\Users\\iamra\\OneDrive\\Desktop\\Project\\Project\\src\\store\\riskSlice.js": {"path":"C:\\Users\\iamra\\OneDrive\\Desktop\\Project\\Project\\src\\store\\riskSlice.js","statementMap":{"0":{"start":{"line":8,"column":13},"end":{"line":17,"column":null}},"1":{"start":{"line":11,"column":4},"end":{"line":15,"column":null}},"2":{"start":{"line":12,"column":6},"end":{"line":12,"column":null}},"3":{"start":{"line":14,"column":6},"end":{"line":14,"column":null}},"4":{"start":{"line":19,"column":13},"end":{"line":28,"column":null}},"5":{"start":{"line":22,"column":4},"end":{"line":26,"column":null}},"6":{"start":{"line":23,"column":6},"end":{"line":23,"column":null}},"7":{"start":{"line":25,"column":6},"end":{"line":25,"column":null}},"8":{"start":{"line":30,"column":13},"end":{"line":39,"column":null}},"9":{"start":{"line":33,"column":4},"end":{"line":37,"column":null}},"10":{"start":{"line":34,"column":6},"end":{"line":34,"column":null}},"11":{"start":{"line":36,"column":6},"end":{"line":36,"column":null}},"12":{"start":{"line":41,"column":13},"end":{"line":50,"column":null}},"13":{"start":{"line":44,"column":4},"end":{"line":48,"column":null}},"14":{"start":{"line":45,"column":6},"end":{"line":45,"column":null}},"15":{"start":{"line":47,"column":6},"end":{"line":47,"column":null}},"16":{"start":{"line":52,"column":13},"end":{"line":62,"column":null}},"17":{"start":{"line":55,"column":4},"end":{"line":60,"column":null}},"18":{"start":{"line":56,"column":6},"end":{"line":56,"column":null}},"19":{"start":{"line":57,"column":6},"end":{"line":57,"column":null}},"20":{"start":{"line":59,"column":6},"end":{"line":59,"column":null}},"21":{"start":{"line":64,"column":13},"end":{"line":76,"column":null}},"22":{"start":{"line":67,"column":4},"end":{"line":74,"column":null}},"23":{"start":{"line":68,"column":6},"end":{"line":71,"column":null}},"24":{"start":{"line":73,"column":6},"end":{"line":73,"column":null}},"25":{"start":{"line":78,"column":21},"end":{"line":83,"column":null}},"26":{"start":{"line":85,"column":6},"end":{"line":169,"column":null}},"27":{"start":{"line":92,"column":6},"end":{"line":92,"column":null}},"28":{"start":{"line":97,"column":4},"end":{"line":167,"column":null}},"29":{"start":{"line":100,"column":8},"end":{"line":100,"column":null}},"30":{"start":{"line":101,"column":8},"end":{"line":101,"column":null}},"31":{"start":{"line":105,"column":8},"end":{"line":105,"column":null}},"32":{"start":{"line":106,"column":8},"end":{"line":106,"column":null}},"33":{"start":{"line":110,"column":8},"end":{"line":110,"column":null}},"34":{"start":{"line":111,"column":8},"end":{"line":111,"column":null}},"35":{"start":{"line":115,"column":8},"end":{"line":115,"column":null}},"36":{"start":{"line":119,"column":8},"end":{"line":119,"column":null}},"37":{"start":{"line":123,"column":22},"end":{"line":125,"column":null}},"38":{"start":{"line":124,"column":20},"end":{"line":124,"column":null}},"39":{"start":{"line":127,"column":8},"end":{"line":129,"column":null}},"40":{"start":{"line":128,"column":10},"end":{"line":128,"column":null}},"41":{"start":{"line":131,"column":8},"end":{"line":136,"column":null}},"42":{"start":{"line":135,"column":10},"end":{"line":135,"column":null}},"43":{"start":{"line":140,"column":8},"end":{"line":142,"column":null}},"44":{"start":{"line":141,"column":20},"end":{"line":141,"column":null}},"45":{"start":{"line":144,"column":8},"end":{"line":149,"column":null}},"46":{"start":{"line":148,"column":10},"end":{"line":148,"column":null}},"47":{"start":{"line":153,"column":22},"end":{"line":155,"column":null}},"48":{"start":{"line":154,"column":20},"end":{"line":154,"column":null}},"49":{"start":{"line":157,"column":8},"end":{"line":159,"column":null}},"50":{"start":{"line":158,"column":10},"end":{"line":158,"column":null}},"51":{"start":{"line":161,"column":8},"end":{"line":166,"column":null}},"52":{"start":{"line":165,"column":10},"end":{"line":165,"column":null}},"53":{"start":{"line":172,"column":2},"end":{"line":172,"column":null}}},"fnMap":{"0":{"name":"(anonymous_0)","decl":{"start":{"line":10,"column":2},"end":{"line":10,"column":9}},"loc":{"start":{"line":10,"column":36},"end":{"line":16,"column":null}},"line":10},"1":{"name":"(anonymous_1)","decl":{"start":{"line":21,"column":2},"end":{"line":21,"column":9}},"loc":{"start":{"line":21,"column":37},"end":{"line":27,"column":null}},"line":21},"2":{"name":"(anonymous_2)","decl":{"start":{"line":32,"column":2},"end":{"line":32,"column":9}},"loc":{"start":{"line":32,"column":39},"end":{"line":38,"column":null}},"line":32},"3":{"name":"(anonymous_3)","decl":{"start":{"line":43,"column":2},"end":{"line":43,"column":9}},"loc":{"start":{"line":43,"column":47},"end":{"line":49,"column":null}},"line":43},"4":{"name":"(anonymous_4)","decl":{"start":{"line":54,"column":2},"end":{"line":54,"column":9}},"loc":{"start":{"line":54,"column":37},"end":{"line":61,"column":null}},"line":54},"5":{"name":"(anonymous_5)","decl":{"start":{"line":66,"column":2},"end":{"line":66,"column":9}},"loc":{"start":{"line":66,"column":49},"end":{"line":75,"column":null}},"line":66},"6":{"name":"clearSelectedRisk","decl":{"start":{"line":91,"column":4},"end":{"line":91,"column":22}},"loc":{"start":{"line":91,"column":29},"end":{"line":93,"column":null}},"line":91},"7":{"name":"(anonymous_7)","decl":{"start":{"line":96,"column":2},"end":{"line":96,"column":18}},"loc":{"start":{"line":96,"column":30},"end":{"line":168,"column":null}},"line":96},"8":{"name":"(anonymous_8)","decl":{"start":{"line":99,"column":26},"end":{"line":99,"column":36}},"loc":{"start":{"line":99,"column":46},"end":{"line":102,"column":7}},"line":99},"9":{"name":"(anonymous_9)","decl":{"start":{"line":104,"column":26},"end":{"line":104,"column":38}},"loc":{"start":{"line":104,"column":56},"end":{"line":107,"column":7}},"line":104},"10":{"name":"(anonymous_10)","decl":{"start":{"line":109,"column":26},"end":{"line":109,"column":37}},"loc":{"start":{"line":109,"column":55},"end":{"line":112,"column":7}},"line":109},"11":{"name":"(anonymous_11)","decl":{"start":{"line":114,"column":29},"end":{"line":114,"column":41}},"loc":{"start":{"line":114,"column":59},"end":{"line":116,"column":7}},"line":114},"12":{"name":"(anonymous_12)","decl":{"start":{"line":118,"column":26},"end":{"line":118,"column":38}},"loc":{"start":{"line":118,"column":56},"end":{"line":120,"column":7}},"line":118},"13":{"name":"(anonymous_13)","decl":{"start":{"line":122,"column":26},"end":{"line":122,"column":38}},"loc":{"start":{"line":122,"column":56},"end":{"line":137,"column":7}},"line":122},"14":{"name":"(anonymous_14)","decl":{"start":{"line":123,"column":37},"end":{"line":123,"column":null}},"loc":{"start":{"line":124,"column":20},"end":{"line":124,"column":null}},"line":124},"15":{"name":"(anonymous_15)","decl":{"start":{"line":139,"column":26},"end":{"line":139,"column":38}},"loc":{"start":{"line":139,"column":56},"end":{"line":150,"column":7}},"line":139},"16":{"name":"(anonymous_16)","decl":{"start":{"line":140,"column":40},"end":{"line":140,"column":null}},"loc":{"start":{"line":141,"column":20},"end":{"line":141,"column":null}},"line":141},"17":{"name":"(anonymous_17)","decl":{"start":{"line":152,"column":32},"end":{"line":152,"column":44}},"loc":{"start":{"line":152,"column":62},"end":{"line":167,"column":7}},"line":152},"18":{"name":"(anonymous_18)","decl":{"start":{"line":153,"column":37},"end":{"line":153,"column":null}},"loc":{"start":{"line":154,"column":20},"end":{"line":154,"column":null}},"line":154}},"branchMap":{"0":{"loc":{"start":{"line":127,"column":8},"end":{"line":129,"column":null}},"type":"if","locations":[{"start":{"line":127,"column":8},"end":{"line":129,"column":null}},{"start":{},"end":{}}],"line":127},"1":{"loc":{"start":{"line":131,"column":8},"end":{"line":136,"column":null}},"type":"if","locations":[{"start":{"line":131,"column":8},"end":{"line":136,"column":null}},{"start":{},"end":{}}],"line":131},"2":{"loc":{"start":{"line":132,"column":10},"end":{"line":133,"column":null}},"type":"binary-expr","locations":[{"start":{"line":132,"column":10},"end":{"line":132,"column":null}},{"start":{"line":133,"column":10},"end":{"line":133,"column":null}}],"line":132},"3":{"loc":{"start":{"line":144,"column":8},"end":{"line":149,"column":null}},"type":"if","locations":[{"start":{"line":144,"column":8},"end":{"line":149,"column":null}},{"start":{},"end":{}}],"line":144},"4":{"loc":{"start":{"line":145,"column":10},"end":{"line":146,"column":null}},"type":"binary-expr","locations":[{"start":{"line":145,"column":10},"end":{"line":145,"column":null}},{"start":{"line":146,"column":10},"end":{"line":146,"column":null}}],"line":145},"5":{"loc":{"start":{"line":157,"column":8},"end":{"line":159,"column":null}},"type":"if","locations":[{"start":{"line":157,"column":8},"end":{"line":159,"column":null}},{"start":{},"end":{}}],"line":157},"6":{"loc":{"start":{"line":161,"column":8},"end":{"line":166,"column":null}},"type":"if","locations":[{"start":{"line":161,"column":8},"end":{"line":166,"column":null}},{"start":{},"end":{}}],"line":161},"7":{"loc":{"start":{"line":162,"column":10},"end":{"line":163,"column":null}},"type":"binary-expr","locations":[{"start":{"line":162,"column":10},"end":{"line":162,"column":null}},{"start":{"line":163,"column":10},"end":{"line":163,"column":null}}],"line":162}},"s":{"0":1,"1":0,"2":0,"3":0,"4":1,"5":0,"6":0,"7":0,"8":1,"9":0,"10":0,"11":0,"12":1,"13":0,"14":0,"15":0,"16":1,"17":0,"18":0,"19":0,"20":0,"21":1,"22":0,"23":0,"24":0,"25":1,"26":1,"27":1,"28":1,"29":1,"30":1,"31":1,"32":1,"33":1,"34":1,"35":1,"36":1,"37":4,"38":4,"39":4,"40":3,"41":4,"42":1,"43":3,"44":3,"45":3,"46":1,"47":4,"48":4,"49":4,"50":3,"51":4,"52":1,"53":1},"f":{"0":0,"1":0,"2":0,"3":0,"4":0,"5":0,"6":1,"7":1,"8":1,"9":1,"10":1,"11":1,"12":1,"13":4,"14":4,"15":3,"16":3,"17":4,"18":4},"b":{"0":[3,1],"1":[1,3],"2":[4,2],"3":[1,2],"4":[3,2],"5":[3,1],"6":[1,3],"7":[4,2]},"meta":{"lastBranch":8,"lastFunction":19,"lastStatement":54,"seen":{"s:8:13:17:Infinity":0,"f:10:2:10:9":0,"s:11:4:15:Infinity":1,"s:12:6:12:Infinity":2,"s:14:6:14:Infinity":3,"s:19:13:28:Infinity":4,"f:21:2:21:9":1,"s:22:4:26:Infinity":5,"s:23:6:23:Infinity":6,"s:25:6:25:Infinity":7,"s:30:13:39:Infinity":8,"f:32:2:32:9":2,"s:33:4:37:Infinity":9,"s:34:6:34:Infinity":10,"s:36:6:36:Infinity":11,"s:41:13:50:Infinity":12,"f:43:2:43:9":3,"s:44:4:48:Infinity":13,"s:45:6:45:Infinity":14,"s:47:6:47:Infinity":15,"s:52:13:62:Infinity":16,"f:54:2:54:9":4,"s:55:4:60:Infinity":17,"s:56:6:56:Infinity":18,"s:57:6:57:Infinity":19,"s:59:6:59:Infinity":20,"s:64:13:76:Infinity":21,"f:66:2:66:9":5,"s:67:4:74:Infinity":22,"s:68:6:71:Infinity":23,"s:73:6:73:Infinity":24,"s:78:21:83:Infinity":25,"s:85:6:169:Infinity":26,"f:91:4:91:22":6,"s:92:6:92:Infinity":27,"f:96:2:96:18":7,"s:97:4:167:Infinity":28,"f:99:26:99:36":8,"s:100:8:100:Infinity":29,"s:101:8:101:Infinity":30,"f:104:26:104:38":9,"s:105:8:105:Infinity":31,"s:106:8:106:Infinity":32,"f:109:26:109:37":10,"s:110:8:110:Infinity":33,"s:111:8:111:Infinity":34,"f:114:29:114:41":11,"s:115:8:115:Infinity":35,"f:118:26:118:38":12,"s:119:8:119:Infinity":36,"f:122:26:122:38":13,"s:123:22:125:Infinity":37,"f:123:37:123:Infinity":14,"s:124:20:124:Infinity":38,"b:127:8:129:Infinity:undefined:undefined:undefined:undefined":0,"s:127:8:129:Infinity":39,"s:128:10:128:Infinity":40,"b:131:8:136:Infinity:undefined:undefined:undefined:undefined":1,"s:131:8:136:Infinity":41,"b:132:10:132:Infinity:133:10:133:Infinity":2,"s:135:10:135:Infinity":42,"f:139:26:139:38":15,"s:140:8:142:Infinity":43,"f:140:40:140:Infinity":16,"s:141:20:141:Infinity":44,"b:144:8:149:Infinity:undefined:undefined:undefined:undefined":3,"s:144:8:149:Infinity":45,"b:145:10:145:Infinity:146:10:146:Infinity":4,"s:148:10:148:Infinity":46,"f:152:32:152:44":17,"s:153:22:155:Infinity":47,"f:153:37:153:Infinity":18,"s:154:20:154:Infinity":48,"b:157:8:159:Infinity:undefined:undefined:undefined:undefined":5,"s:157:8:159:Infinity":49,"s:158:10:158:Infinity":50,"b:161:8:166:Infinity:undefined:undefined:undefined:undefined":6,"s:161:8:166:Infinity":51,"b:162:10:162:Infinity:163:10:163:Infinity":7,"s:165:10:165:Infinity":52,"s:172:2:172:Infinity":53},"fnNames":{}}}
,"C:\\Users\\iamra\\OneDrive\\Desktop\\Project\\Project\\src\\store\\uiSlice.js": {"path":"C:\\Users\\iamra\\OneDrive\\Desktop\\Project\\Project\\src\\store\\uiSlice.js","statementMap":{"0":{"start":{"line":3,"column":6},"end":{"line":5,"column":null}},"1":{"start":{"line":4,"column":2},"end":{"line":4,"column":null}},"2":{"start":{"line":7,"column":21},"end":{"line":10,"column":null}},"3":{"start":{"line":12,"column":6},"end":{"line":27,"column":null}},"4":{"start":{"line":19,"column":6},"end":{"line":19,"column":null}},"5":{"start":{"line":23,"column":6},"end":{"line":23,"column":null}},"6":{"start":{"line":24,"column":6},"end":{"line":24,"column":null}},"7":{"start":{"line":32,"column":4},"end":{"line":32,"column":null}}},"fnMap":{"0":{"name":"(anonymous_0)","decl":{"start":{"line":3,"column":6},"end":{"line":3,"column":28}},"loc":{"start":{"line":3,"column":28},"end":{"line":5,"column":null}},"line":3},"1":{"name":"toggleSidebar","decl":{"start":{"line":18,"column":4},"end":{"line":18,"column":18}},"loc":{"start":{"line":18,"column":25},"end":{"line":20,"column":null}},"line":18},"2":{"name":"setThemeMode","decl":{"start":{"line":22,"column":4},"end":{"line":22,"column":17}},"loc":{"start":{"line":22,"column":32},"end":{"line":25,"column":null}},"line":22}},"branchMap":{"0":{"loc":{"start":{"line":4,"column":9},"end":{"line":4,"column":null}},"type":"binary-expr","locations":[{"start":{"line":4,"column":9},"end":{"line":4,"column":46}},{"start":{"line":4,"column":46},"end":{"line":4,"column":null}}],"line":4}},"s":{"0":1,"1":1,"2":1,"3":1,"4":1,"5":1,"6":1,"7":1},"f":{"0":1,"1":1,"2":1},"b":{"0":[1,1]},"meta":{"lastBranch":1,"lastFunction":3,"lastStatement":8,"seen":{"s:3:6:5:Infinity":0,"f:3:6:3:28":0,"s:4:2:4:Infinity":1,"b:4:9:4:46:4:46:4:Infinity":0,"s:7:21:10:Infinity":2,"s:12:6:27:Infinity":3,"f:18:4:18:18":1,"s:19:6:19:Infinity":4,"f:22:4:22:17":2,"s:23:6:23:Infinity":5,"s:24:6:24:Infinity":6,"s:32:4:32:Infinity":7},"fnNames":{}}}
,"C:\\Users\\iamra\\OneDrive\\Desktop\\Project\\Project\\src\\store\\vendorSlice.js": {"path":"C:\\Users\\iamra\\OneDrive\\Desktop\\Project\\Project\\src\\store\\vendorSlice.js","statementMap":{"0":{"start":{"line":3,"column":6},"end":{"line":7,"column":null}}},"fnMap":{},"branchMap":{},"s":{"0":1},"f":{},"b":{},"meta":{"lastBranch":0,"lastFunction":0,"lastStatement":1,"seen":{"s:3:6:7:Infinity":0},"fnNames":{}}}
}
